#
# There is insufficient memory for the Java Runtime Environment to continue.
# Native memory allocation (malloc) failed to allocate 523792 bytes for Chunk::new
# Possible reasons:
#   The system is out of physical RAM or swap space
#   The process is running with CompressedOops enabled, and the Java Heap may be blocking the growth of the native heap
# Possible solutions:
#   Reduce memory load on the system
#   Increase physical memory or swap space
#   Check if swap backing store is full
#   Decrease Java heap size (-Xmx/-Xms)
#   Decrease number of Java threads
#   Decrease Java thread stack sizes (-Xss)
#   Set larger code cache with -XX:ReservedCodeCacheSize=
#   JVM is running with Zero Based Compressed Oops mode in which the Java heap is
#     placed in the first 32GB address space. The Java Heap base address is the
#     maximum limit for the native heap growth. Please use -XX:HeapBaseMinAddress
#     to set the Java Heap base and to place the Java Heap above 32GB virtual address.
# This output file may be truncated or incomplete.
#
#  Out of Memory Error (arena.cpp:168), pid=24428, tid=14164
#
# JRE version: Java(TM) SE Runtime Environment (21.0.4+8) (build 21.0.4+8-LTS-274)
# Java VM: Java HotSpot(TM) 64-Bit Server VM (21.0.4+8-LTS-274, mixed mode, sharing, tiered, compressed oops, compressed class ptrs, g1 gc, windows-amd64)
# No core dump will be written. Minidumps are not enabled by default on client versions of Windows
#

---------------  S U M M A R Y ------------

Command Line: --enable-native-access=ALL-UNNAMED -Dclassworlds.conf=C:\Users\user\.m2\wrapper\dists\apache-maven-3.9.12\59fe215c0ad6947fea90184bf7add084544567b927287592651fda3782e0e798\bin\m2.conf -Dmaven.home=C:\Users\user\.m2\wrapper\dists\apache-maven-3.9.12\59fe215c0ad6947fea90184bf7add084544567b927287592651fda3782e0e798 -Dlibrary.jansi.path=C:\Users\user\.m2\wrapper\dists\apache-maven-3.9.12\59fe215c0ad6947fea90184bf7add084544567b927287592651fda3782e0e798\lib\jansi-native -Dmaven.multiModuleProjectDirectory=D:\ENgdb\engdb org.codehaus.plexus.classworlds.launcher.Launcher test -Dtest=QueryPipelineTest

Host: 12th Gen Intel(R) Core(TM) i7-1255U, 12 cores, 15G,  Windows 11 , 64 bit Build 26100 (10.0.26100.7623)
Time: Tue Jan 27 13:15:27 2026 South Africa Standard Time elapsed time: 6.055703 seconds (0d 0h 0m 6s)

---------------  T H R E A D  ---------------

Current thread (0x0000023179825260):  JavaThread "C2 CompilerThread0" daemon [_thread_in_native, id=14164, stack(0x000000b130100000,0x000000b130200000) (1024K)]


Current CompileTask:
C2:   6055 3193       4       org.apache.maven.model.Dependency::getManagementKey (94 bytes)

Stack: [0x000000b130100000,0x000000b130200000]
Native frames: (J=compiled Java code, j=interpreted, Vv=VM code, C=native code)
V  [jvm.dll+0x6c8e59]
V  [jvm.dll+0x853181]
V  [jvm.dll+0x8556ae]
V  [jvm.dll+0x855d83]
V  [jvm.dll+0x27d526]
V  [jvm.dll+0xc4aad]
V  [jvm.dll+0xc4fe3]
V  [jvm.dll+0x3b400c]
V  [jvm.dll+0x3809a5]
V  [jvm.dll+0x37fe1a]
V  [jvm.dll+0x246280]
V  [jvm.dll+0x24585f]
V  [jvm.dll+0x1c69de]
V  [jvm.dll+0x254d49]
V  [jvm.dll+0x2532da]
V  [jvm.dll+0x3ed426]
V  [jvm.dll+0x7fd65b]
V  [jvm.dll+0x6c753d]
C  [ucrtbase.dll+0x37b0]
C  [KERNEL32.DLL+0x2e8d7]
C  [ntdll.dll+0x8c53c]


---------------  P R O C E S S  ---------------

Threads class SMR info:
_java_thread_list=0x000002317f0e9f80, length=13, elements={
0x000002315858f120, 0x000002317980ae30, 0x000002317980d8a0, 0x000002317981a4e0,
0x000002317981b0f0, 0x000002317981c780, 0x000002317981ebf0, 0x0000023179825260,
0x0000023179826210, 0x0000023179aa1530, 0x0000023179aadaf0, 0x000002317eb04800,
0x000002317f363660
}

Java Threads: ( => current thread )
  0x000002315858f120 JavaThread "main"                              [_thread_in_Java, id=24204, stack(0x000000b12f300000,0x000000b12f400000) (1024K)]
  0x000002317980ae30 JavaThread "Reference Handler"          daemon [_thread_blocked, id=38216, stack(0x000000b12fb00000,0x000000b12fc00000) (1024K)]
  0x000002317980d8a0 JavaThread "Finalizer"                  daemon [_thread_blocked, id=26408, stack(0x000000b12fc00000,0x000000b12fd00000) (1024K)]
  0x000002317981a4e0 JavaThread "Signal Dispatcher"          daemon [_thread_blocked, id=11216, stack(0x000000b12fd00000,0x000000b12fe00000) (1024K)]
  0x000002317981b0f0 JavaThread "Attach Listener"            daemon [_thread_blocked, id=31324, stack(0x000000b12fe00000,0x000000b12ff00000) (1024K)]
  0x000002317981c780 JavaThread "Service Thread"             daemon [_thread_blocked, id=20124, stack(0x000000b12ff00000,0x000000b130000000) (1024K)]
  0x000002317981ebf0 JavaThread "Monitor Deflation Thread"   daemon [_thread_blocked, id=12860, stack(0x000000b130000000,0x000000b130100000) (1024K)]
=>0x0000023179825260 JavaThread "C2 CompilerThread0"         daemon [_thread_in_native, id=14164, stack(0x000000b130100000,0x000000b130200000) (1024K)]
  0x0000023179826210 JavaThread "C1 CompilerThread0"         daemon [_thread_blocked, id=13520, stack(0x000000b130200000,0x000000b130300000) (1024K)]
  0x0000023179aa1530 JavaThread "Notification Thread"        daemon [_thread_blocked, id=21176, stack(0x000000b130300000,0x000000b130400000) (1024K)]
  0x0000023179aadaf0 JavaThread "Common-Cleaner"             daemon [_thread_blocked, id=20704, stack(0x000000b130400000,0x000000b130500000) (1024K)]
  0x000002317eb04800 JavaThread "C2 CompilerThread1"         daemon [_thread_in_native, id=16424, stack(0x000000b130500000,0x000000b130600000) (1024K)]
  0x000002317f363660 JavaThread "Thread-1"                   daemon [_thread_blocked, id=37832, stack(0x000000b130f00000,0x000000b131000000) (1024K)]
Total: 13

Other Threads:
  0x00000231797eec30 VMThread "VM Thread"                           [id=22732, stack(0x000000b12fa00000,0x000000b12fb00000) (1024K)]
  0x00000231797cbd90 WatcherThread "VM Periodic Task Thread"        [id=6628, stack(0x000000b12f900000,0x000000b12fa00000) (1024K)]
  0x00000231585f4200 WorkerThread "GC Thread#0"                     [id=15124, stack(0x000000b12f400000,0x000000b12f500000) (1024K)]
  0x000002317ebaad80 WorkerThread "GC Thread#1"                     [id=39860, stack(0x000000b130700000,0x000000b130800000) (1024K)]
  0x000002317ebab120 WorkerThread "GC Thread#2"                     [id=25096, stack(0x000000b130800000,0x000000b130900000) (1024K)]
  0x000002317eb7b850 WorkerThread "GC Thread#3"                     [id=15308, stack(0x000000b130900000,0x000000b130a00000) (1024K)]
  0x000002317eb7bbf0 WorkerThread "GC Thread#4"                     [id=9656, stack(0x000000b130a00000,0x000000b130b00000) (1024K)]
  0x000002317eb7bf90 WorkerThread "GC Thread#5"                     [id=23652, stack(0x000000b130b00000,0x000000b130c00000) (1024K)]
  0x000002317eb9a610 WorkerThread "GC Thread#6"                     [id=31576, stack(0x000000b130c00000,0x000000b130d00000) (1024K)]
  0x000002317edcf1b0 WorkerThread "GC Thread#7"                     [id=38528, stack(0x000000b130d00000,0x000000b130e00000) (1024K)]
  0x000002317e9fdfe0 WorkerThread "GC Thread#8"                     [id=14544, stack(0x000000b130600000,0x000000b130700000) (1024K)]
  0x000002317e9ff200 WorkerThread "GC Thread#9"                     [id=23936, stack(0x000000b130e00000,0x000000b130f00000) (1024K)]
  0x0000023158604d60 ConcurrentGCThread "G1 Main Marker"            [id=25064, stack(0x000000b12f500000,0x000000b12f600000) (1024K)]
  0x0000023158607590 WorkerThread "G1 Conc#0"                       [id=32548, stack(0x000000b12f600000,0x000000b12f700000) (1024K)]
  0x000002317969c5b0 ConcurrentGCThread "G1 Refine#0"               [id=16872, stack(0x000000b12f700000,0x000000b12f800000) (1024K)]
  0x000002317969cdd0 ConcurrentGCThread "G1 Service"                [id=25276, stack(0x000000b12f800000,0x000000b12f900000) (1024K)]
Total: 16

Threads with active compile tasks:
C2 CompilerThread0     6108 3193       4       org.apache.maven.model.Dependency::getManagementKey (94 bytes)
C2 CompilerThread1     6108 3235       4       com.google.inject.internal.aop.ImmutableStringTrie::nextPivotColumn (55 bytes)
Total: 2

VM state: not at safepoint (normal execution)

VM Mutex/Monitor currently owned by a thread: None

Heap address: 0x0000000704800000, size: 4024 MB, Compressed Oops mode: Zero based, Oop shift amount: 3

CDS archive(s) mapped at: [0x0000023100000000-0x0000023100c90000-0x0000023100c90000), size 13172736, SharedBaseAddress: 0x0000023100000000, ArchiveRelocationMode: 1.
Compressed class space mapped at: 0x0000023101000000-0x0000023141000000, reserved size: 1073741824
Narrow klass base: 0x0000023100000000, Narrow klass shift: 0, Narrow klass range: 0x100000000

GC Precious Log:
 CardTable entry size: 512
 Card Set container configuration: InlinePtr #cards 4 size 8 Array Of Cards #cards 16 size 48 Howl #buckets 8 coarsen threshold 3686 Howl Bitmap #cards 512 size 80 coarsen threshold 460 Card regions per heap region 1 cards per card region 4096
 CPUs: 12 total, 12 available
 Memory: 16092M
 Large Page Support: Disabled
 NUMA Support: Disabled
 Compressed Oops: Enabled (Zero based)
 Heap Region Size: 2M
 Heap Min Capacity: 8M
 Heap Initial Capacity: 252M
 Heap Max Capacity: 4024M
 Pre-touch: Disabled
 Parallel Workers: 10
 Concurrent Workers: 3
 Concurrent Refinement Workers: 10
 Periodic GC: Disabled

Heap:
 garbage-first heap   total 258048K, used 48254K [0x0000000704800000, 0x0000000800000000)
  region size 2048K, 24 young (49152K), 1 survivors (2048K)
 Metaspace       used 15159K, committed 15424K, reserved 1114112K
  class space    used 1804K, committed 1920K, reserved 1048576K

Heap Regions: E=young(eden), S=young(survivor), O=old, HS=humongous(starts), HC=humongous(continues), CS=collection set, F=free, TAMS=top-at-mark-start, PB=parsable bottom
|   0|0x0000000704800000, 0x0000000704a00000, 0x0000000704a00000|100%| O|  |TAMS 0x0000000704800000| PB 0x0000000704800000| Untracked 
|   1|0x0000000704a00000, 0x0000000704b7b4d8, 0x0000000704c00000| 74%| O|  |TAMS 0x0000000704a00000| PB 0x0000000704a00000| Untracked 
|   2|0x0000000704c00000, 0x0000000704c00000, 0x0000000704e00000|  0%| F|  |TAMS 0x0000000704c00000| PB 0x0000000704c00000| Untracked 
|   3|0x0000000704e00000, 0x0000000704e00000, 0x0000000705000000|  0%| F|  |TAMS 0x0000000704e00000| PB 0x0000000704e00000| Untracked 
|   4|0x0000000705000000, 0x0000000705000000, 0x0000000705200000|  0%| F|  |TAMS 0x0000000705000000| PB 0x0000000705000000| Untracked 
|   5|0x0000000705200000, 0x0000000705200000, 0x0000000705400000|  0%| F|  |TAMS 0x0000000705200000| PB 0x0000000705200000| Untracked 
|   6|0x0000000705400000, 0x0000000705400000, 0x0000000705600000|  0%| F|  |TAMS 0x0000000705400000| PB 0x0000000705400000| Untracked 
|   7|0x0000000705600000, 0x0000000705600000, 0x0000000705800000|  0%| F|  |TAMS 0x0000000705600000| PB 0x0000000705600000| Untracked 
|   8|0x0000000705800000, 0x0000000705800000, 0x0000000705a00000|  0%| F|  |TAMS 0x0000000705800000| PB 0x0000000705800000| Untracked 
|   9|0x0000000705a00000, 0x0000000705a00000, 0x0000000705c00000|  0%| F|  |TAMS 0x0000000705a00000| PB 0x0000000705a00000| Untracked 
|  10|0x0000000705c00000, 0x0000000705c00000, 0x0000000705e00000|  0%| F|  |TAMS 0x0000000705c00000| PB 0x0000000705c00000| Untracked 
|  11|0x0000000705e00000, 0x0000000705e00000, 0x0000000706000000|  0%| F|  |TAMS 0x0000000705e00000| PB 0x0000000705e00000| Untracked 
|  12|0x0000000706000000, 0x0000000706000000, 0x0000000706200000|  0%| F|  |TAMS 0x0000000706000000| PB 0x0000000706000000| Untracked 
|  13|0x0000000706200000, 0x0000000706200000, 0x0000000706400000|  0%| F|  |TAMS 0x0000000706200000| PB 0x0000000706200000| Untracked 
|  14|0x0000000706400000, 0x0000000706400000, 0x0000000706600000|  0%| F|  |TAMS 0x0000000706400000| PB 0x0000000706400000| Untracked 
|  15|0x0000000706600000, 0x0000000706600000, 0x0000000706800000|  0%| F|  |TAMS 0x0000000706600000| PB 0x0000000706600000| Untracked 
|  16|0x0000000706800000, 0x0000000706800000, 0x0000000706a00000|  0%| F|  |TAMS 0x0000000706800000| PB 0x0000000706800000| Untracked 
|  17|0x0000000706a00000, 0x0000000706a00000, 0x0000000706c00000|  0%| F|  |TAMS 0x0000000706a00000| PB 0x0000000706a00000| Untracked 
|  18|0x0000000706c00000, 0x0000000706c00000, 0x0000000706e00000|  0%| F|  |TAMS 0x0000000706c00000| PB 0x0000000706c00000| Untracked 
|  19|0x0000000706e00000, 0x0000000706e00000, 0x0000000707000000|  0%| F|  |TAMS 0x0000000706e00000| PB 0x0000000706e00000| Untracked 
|  20|0x0000000707000000, 0x0000000707000000, 0x0000000707200000|  0%| F|  |TAMS 0x0000000707000000| PB 0x0000000707000000| Untracked 
|  21|0x0000000707200000, 0x0000000707200000, 0x0000000707400000|  0%| F|  |TAMS 0x0000000707200000| PB 0x0000000707200000| Untracked 
|  22|0x0000000707400000, 0x0000000707400000, 0x0000000707600000|  0%| F|  |TAMS 0x0000000707400000| PB 0x0000000707400000| Untracked 
|  23|0x0000000707600000, 0x0000000707600000, 0x0000000707800000|  0%| F|  |TAMS 0x0000000707600000| PB 0x0000000707600000| Untracked 
|  24|0x0000000707800000, 0x0000000707800000, 0x0000000707a00000|  0%| F|  |TAMS 0x0000000707800000| PB 0x0000000707800000| Untracked 
|  25|0x0000000707a00000, 0x0000000707a00000, 0x0000000707c00000|  0%| F|  |TAMS 0x0000000707a00000| PB 0x0000000707a00000| Untracked 
|  26|0x0000000707c00000, 0x0000000707c00000, 0x0000000707e00000|  0%| F|  |TAMS 0x0000000707c00000| PB 0x0000000707c00000| Untracked 
|  27|0x0000000707e00000, 0x0000000707e00000, 0x0000000708000000|  0%| F|  |TAMS 0x0000000707e00000| PB 0x0000000707e00000| Untracked 
|  28|0x0000000708000000, 0x0000000708000000, 0x0000000708200000|  0%| F|  |TAMS 0x0000000708000000| PB 0x0000000708000000| Untracked 
|  29|0x0000000708200000, 0x0000000708200000, 0x0000000708400000|  0%| F|  |TAMS 0x0000000708200000| PB 0x0000000708200000| Untracked 
|  30|0x0000000708400000, 0x0000000708400000, 0x0000000708600000|  0%| F|  |TAMS 0x0000000708400000| PB 0x0000000708400000| Untracked 
|  31|0x0000000708600000, 0x0000000708600000, 0x0000000708800000|  0%| F|  |TAMS 0x0000000708600000| PB 0x0000000708600000| Untracked 
|  32|0x0000000708800000, 0x0000000708800000, 0x0000000708a00000|  0%| F|  |TAMS 0x0000000708800000| PB 0x0000000708800000| Untracked 
|  33|0x0000000708a00000, 0x0000000708a00000, 0x0000000708c00000|  0%| F|  |TAMS 0x0000000708a00000| PB 0x0000000708a00000| Untracked 
|  34|0x0000000708c00000, 0x0000000708c00000, 0x0000000708e00000|  0%| F|  |TAMS 0x0000000708c00000| PB 0x0000000708c00000| Untracked 
|  35|0x0000000708e00000, 0x0000000708e00000, 0x0000000709000000|  0%| F|  |TAMS 0x0000000708e00000| PB 0x0000000708e00000| Untracked 
|  36|0x0000000709000000, 0x0000000709000000, 0x0000000709200000|  0%| F|  |TAMS 0x0000000709000000| PB 0x0000000709000000| Untracked 
|  37|0x0000000709200000, 0x0000000709200000, 0x0000000709400000|  0%| F|  |TAMS 0x0000000709200000| PB 0x0000000709200000| Untracked 
|  38|0x0000000709400000, 0x0000000709400000, 0x0000000709600000|  0%| F|  |TAMS 0x0000000709400000| PB 0x0000000709400000| Untracked 
|  39|0x0000000709600000, 0x0000000709600000, 0x0000000709800000|  0%| F|  |TAMS 0x0000000709600000| PB 0x0000000709600000| Untracked 
|  40|0x0000000709800000, 0x0000000709800000, 0x0000000709a00000|  0%| F|  |TAMS 0x0000000709800000| PB 0x0000000709800000| Untracked 
|  41|0x0000000709a00000, 0x0000000709a00000, 0x0000000709c00000|  0%| F|  |TAMS 0x0000000709a00000| PB 0x0000000709a00000| Untracked 
|  42|0x0000000709c00000, 0x0000000709c00000, 0x0000000709e00000|  0%| F|  |TAMS 0x0000000709c00000| PB 0x0000000709c00000| Untracked 
|  43|0x0000000709e00000, 0x0000000709e00000, 0x000000070a000000|  0%| F|  |TAMS 0x0000000709e00000| PB 0x0000000709e00000| Untracked 
|  44|0x000000070a000000, 0x000000070a000000, 0x000000070a200000|  0%| F|  |TAMS 0x000000070a000000| PB 0x000000070a000000| Untracked 
|  45|0x000000070a200000, 0x000000070a200000, 0x000000070a400000|  0%| F|  |TAMS 0x000000070a200000| PB 0x000000070a200000| Untracked 
|  46|0x000000070a400000, 0x000000070a400000, 0x000000070a600000|  0%| F|  |TAMS 0x000000070a400000| PB 0x000000070a400000| Untracked 
|  47|0x000000070a600000, 0x000000070a600000, 0x000000070a800000|  0%| F|  |TAMS 0x000000070a600000| PB 0x000000070a600000| Untracked 
|  48|0x000000070a800000, 0x000000070a800000, 0x000000070aa00000|  0%| F|  |TAMS 0x000000070a800000| PB 0x000000070a800000| Untracked 
|  49|0x000000070aa00000, 0x000000070aa00000, 0x000000070ac00000|  0%| F|  |TAMS 0x000000070aa00000| PB 0x000000070aa00000| Untracked 
|  50|0x000000070ac00000, 0x000000070ac00000, 0x000000070ae00000|  0%| F|  |TAMS 0x000000070ac00000| PB 0x000000070ac00000| Untracked 
|  51|0x000000070ae00000, 0x000000070ae00000, 0x000000070b000000|  0%| F|  |TAMS 0x000000070ae00000| PB 0x000000070ae00000| Untracked 
|  52|0x000000070b000000, 0x000000070b000000, 0x000000070b200000|  0%| F|  |TAMS 0x000000070b000000| PB 0x000000070b000000| Untracked 
|  53|0x000000070b200000, 0x000000070b200000, 0x000000070b400000|  0%| F|  |TAMS 0x000000070b200000| PB 0x000000070b200000| Untracked 
|  54|0x000000070b400000, 0x000000070b400000, 0x000000070b600000|  0%| F|  |TAMS 0x000000070b400000| PB 0x000000070b400000| Untracked 
|  55|0x000000070b600000, 0x000000070b600000, 0x000000070b800000|  0%| F|  |TAMS 0x000000070b600000| PB 0x000000070b600000| Untracked 
|  56|0x000000070b800000, 0x000000070b800000, 0x000000070ba00000|  0%| F|  |TAMS 0x000000070b800000| PB 0x000000070b800000| Untracked 
|  57|0x000000070ba00000, 0x000000070ba00000, 0x000000070bc00000|  0%| F|  |TAMS 0x000000070ba00000| PB 0x000000070ba00000| Untracked 
|  58|0x000000070bc00000, 0x000000070bc00000, 0x000000070be00000|  0%| F|  |TAMS 0x000000070bc00000| PB 0x000000070bc00000| Untracked 
|  59|0x000000070be00000, 0x000000070be00000, 0x000000070c000000|  0%| F|  |TAMS 0x000000070be00000| PB 0x000000070be00000| Untracked 
|  60|0x000000070c000000, 0x000000070c000000, 0x000000070c200000|  0%| F|  |TAMS 0x000000070c000000| PB 0x000000070c000000| Untracked 
|  61|0x000000070c200000, 0x000000070c200000, 0x000000070c400000|  0%| F|  |TAMS 0x000000070c200000| PB 0x000000070c200000| Untracked 
|  62|0x000000070c400000, 0x000000070c400000, 0x000000070c600000|  0%| F|  |TAMS 0x000000070c400000| PB 0x000000070c400000| Untracked 
|  63|0x000000070c600000, 0x000000070c600000, 0x000000070c800000|  0%| F|  |TAMS 0x000000070c600000| PB 0x000000070c600000| Untracked 
|  64|0x000000070c800000, 0x000000070c800000, 0x000000070ca00000|  0%| F|  |TAMS 0x000000070c800000| PB 0x000000070c800000| Untracked 
|  65|0x000000070ca00000, 0x000000070ca00000, 0x000000070cc00000|  0%| F|  |TAMS 0x000000070ca00000| PB 0x000000070ca00000| Untracked 
|  66|0x000000070cc00000, 0x000000070cc00000, 0x000000070ce00000|  0%| F|  |TAMS 0x000000070cc00000| PB 0x000000070cc00000| Untracked 
|  67|0x000000070ce00000, 0x000000070ce00000, 0x000000070d000000|  0%| F|  |TAMS 0x000000070ce00000| PB 0x000000070ce00000| Untracked 
|  68|0x000000070d000000, 0x000000070d000000, 0x000000070d200000|  0%| F|  |TAMS 0x000000070d000000| PB 0x000000070d000000| Untracked 
|  69|0x000000070d200000, 0x000000070d200000, 0x000000070d400000|  0%| F|  |TAMS 0x000000070d200000| PB 0x000000070d200000| Untracked 
|  70|0x000000070d400000, 0x000000070d400000, 0x000000070d600000|  0%| F|  |TAMS 0x000000070d400000| PB 0x000000070d400000| Untracked 
|  71|0x000000070d600000, 0x000000070d600000, 0x000000070d800000|  0%| F|  |TAMS 0x000000070d600000| PB 0x000000070d600000| Untracked 
|  72|0x000000070d800000, 0x000000070d800000, 0x000000070da00000|  0%| F|  |TAMS 0x000000070d800000| PB 0x000000070d800000| Untracked 
|  73|0x000000070da00000, 0x000000070da00000, 0x000000070dc00000|  0%| F|  |TAMS 0x000000070da00000| PB 0x000000070da00000| Untracked 
|  74|0x000000070dc00000, 0x000000070dc00000, 0x000000070de00000|  0%| F|  |TAMS 0x000000070dc00000| PB 0x000000070dc00000| Untracked 
|  75|0x000000070de00000, 0x000000070de00000, 0x000000070e000000|  0%| F|  |TAMS 0x000000070de00000| PB 0x000000070de00000| Untracked 
|  76|0x000000070e000000, 0x000000070e000000, 0x000000070e200000|  0%| F|  |TAMS 0x000000070e000000| PB 0x000000070e000000| Untracked 
|  77|0x000000070e200000, 0x000000070e200000, 0x000000070e400000|  0%| F|  |TAMS 0x000000070e200000| PB 0x000000070e200000| Untracked 
|  78|0x000000070e400000, 0x000000070e400000, 0x000000070e600000|  0%| F|  |TAMS 0x000000070e400000| PB 0x000000070e400000| Untracked 
|  79|0x000000070e600000, 0x000000070e600000, 0x000000070e800000|  0%| F|  |TAMS 0x000000070e600000| PB 0x000000070e600000| Untracked 
|  80|0x000000070e800000, 0x000000070e800000, 0x000000070ea00000|  0%| F|  |TAMS 0x000000070e800000| PB 0x000000070e800000| Untracked 
|  81|0x000000070ea00000, 0x000000070ea00000, 0x000000070ec00000|  0%| F|  |TAMS 0x000000070ea00000| PB 0x000000070ea00000| Untracked 
|  82|0x000000070ec00000, 0x000000070ec00000, 0x000000070ee00000|  0%| F|  |TAMS 0x000000070ec00000| PB 0x000000070ec00000| Untracked 
|  83|0x000000070ee00000, 0x000000070ee00000, 0x000000070f000000|  0%| F|  |TAMS 0x000000070ee00000| PB 0x000000070ee00000| Untracked 
|  84|0x000000070f000000, 0x000000070f000000, 0x000000070f200000|  0%| F|  |TAMS 0x000000070f000000| PB 0x000000070f000000| Untracked 
|  85|0x000000070f200000, 0x000000070f200000, 0x000000070f400000|  0%| F|  |TAMS 0x000000070f200000| PB 0x000000070f200000| Untracked 
|  86|0x000000070f400000, 0x000000070f400000, 0x000000070f600000|  0%| F|  |TAMS 0x000000070f400000| PB 0x000000070f400000| Untracked 
|  87|0x000000070f600000, 0x000000070f600000, 0x000000070f800000|  0%| F|  |TAMS 0x000000070f600000| PB 0x000000070f600000| Untracked 
|  88|0x000000070f800000, 0x000000070f800000, 0x000000070fa00000|  0%| F|  |TAMS 0x000000070f800000| PB 0x000000070f800000| Untracked 
|  89|0x000000070fa00000, 0x000000070fa00000, 0x000000070fc00000|  0%| F|  |TAMS 0x000000070fa00000| PB 0x000000070fa00000| Untracked 
|  90|0x000000070fc00000, 0x000000070fc00000, 0x000000070fe00000|  0%| F|  |TAMS 0x000000070fc00000| PB 0x000000070fc00000| Untracked 
|  91|0x000000070fe00000, 0x000000070fe00000, 0x0000000710000000|  0%| F|  |TAMS 0x000000070fe00000| PB 0x000000070fe00000| Untracked 
|  92|0x0000000710000000, 0x0000000710000000, 0x0000000710200000|  0%| F|  |TAMS 0x0000000710000000| PB 0x0000000710000000| Untracked 
|  93|0x0000000710200000, 0x0000000710200000, 0x0000000710400000|  0%| F|  |TAMS 0x0000000710200000| PB 0x0000000710200000| Untracked 
|  94|0x0000000710400000, 0x0000000710400000, 0x0000000710600000|  0%| F|  |TAMS 0x0000000710400000| PB 0x0000000710400000| Untracked 
|  95|0x0000000710600000, 0x0000000710600000, 0x0000000710800000|  0%| F|  |TAMS 0x0000000710600000| PB 0x0000000710600000| Untracked 
|  96|0x0000000710800000, 0x0000000710800000, 0x0000000710a00000|  0%| F|  |TAMS 0x0000000710800000| PB 0x0000000710800000| Untracked 
|  97|0x0000000710a00000, 0x0000000710a00000, 0x0000000710c00000|  0%| F|  |TAMS 0x0000000710a00000| PB 0x0000000710a00000| Untracked 
|  98|0x0000000710c00000, 0x0000000710c00000, 0x0000000710e00000|  0%| F|  |TAMS 0x0000000710c00000| PB 0x0000000710c00000| Untracked 
|  99|0x0000000710e00000, 0x0000000710e00000, 0x0000000711000000|  0%| F|  |TAMS 0x0000000710e00000| PB 0x0000000710e00000| Untracked 
| 100|0x0000000711000000, 0x0000000711000000, 0x0000000711200000|  0%| F|  |TAMS 0x0000000711000000| PB 0x0000000711000000| Untracked 
| 101|0x0000000711200000, 0x0000000711200000, 0x0000000711400000|  0%| F|  |TAMS 0x0000000711200000| PB 0x0000000711200000| Untracked 
| 102|0x0000000711400000, 0x00000007115614c8, 0x0000000711600000| 69%| E|  |TAMS 0x0000000711400000| PB 0x0000000711400000| Complete 
| 103|0x0000000711600000, 0x0000000711800000, 0x0000000711800000|100%| E|CS|TAMS 0x0000000711600000| PB 0x0000000711600000| Complete 
| 104|0x0000000711800000, 0x0000000711a00000, 0x0000000711a00000|100%| E|CS|TAMS 0x0000000711800000| PB 0x0000000711800000| Complete 
| 105|0x0000000711a00000, 0x0000000711c00000, 0x0000000711c00000|100%| E|  |TAMS 0x0000000711a00000| PB 0x0000000711a00000| Complete 
| 106|0x0000000711c00000, 0x0000000711e00000, 0x0000000711e00000|100%| E|CS|TAMS 0x0000000711c00000| PB 0x0000000711c00000| Complete 
| 107|0x0000000711e00000, 0x0000000711fa4540, 0x0000000712000000| 82%| S|CS|TAMS 0x0000000711e00000| PB 0x0000000711e00000| Complete 
| 108|0x0000000712000000, 0x0000000712200000, 0x0000000712200000|100%| E|CS|TAMS 0x0000000712000000| PB 0x0000000712000000| Complete 
| 109|0x0000000712200000, 0x0000000712400000, 0x0000000712400000|100%| E|CS|TAMS 0x0000000712200000| PB 0x0000000712200000| Complete 
| 110|0x0000000712400000, 0x0000000712600000, 0x0000000712600000|100%| E|CS|TAMS 0x0000000712400000| PB 0x0000000712400000| Complete 
| 111|0x0000000712600000, 0x0000000712800000, 0x0000000712800000|100%| E|CS|TAMS 0x0000000712600000| PB 0x0000000712600000| Complete 
| 112|0x0000000712800000, 0x0000000712a00000, 0x0000000712a00000|100%| E|CS|TAMS 0x0000000712800000| PB 0x0000000712800000| Complete 
| 113|0x0000000712a00000, 0x0000000712c00000, 0x0000000712c00000|100%| E|CS|TAMS 0x0000000712a00000| PB 0x0000000712a00000| Complete 
| 114|0x0000000712c00000, 0x0000000712e00000, 0x0000000712e00000|100%| E|CS|TAMS 0x0000000712c00000| PB 0x0000000712c00000| Complete 
| 115|0x0000000712e00000, 0x0000000713000000, 0x0000000713000000|100%| E|CS|TAMS 0x0000000712e00000| PB 0x0000000712e00000| Complete 
| 116|0x0000000713000000, 0x0000000713200000, 0x0000000713200000|100%| E|CS|TAMS 0x0000000713000000| PB 0x0000000713000000| Complete 
| 117|0x0000000713200000, 0x0000000713400000, 0x0000000713400000|100%| E|CS|TAMS 0x0000000713200000| PB 0x0000000713200000| Complete 
| 118|0x0000000713400000, 0x0000000713600000, 0x0000000713600000|100%| E|CS|TAMS 0x0000000713400000| PB 0x0000000713400000| Complete 
| 119|0x0000000713600000, 0x0000000713800000, 0x0000000713800000|100%| E|CS|TAMS 0x0000000713600000| PB 0x0000000713600000| Complete 
| 120|0x0000000713800000, 0x0000000713a00000, 0x0000000713a00000|100%| E|CS|TAMS 0x0000000713800000| PB 0x0000000713800000| Complete 
| 121|0x0000000713a00000, 0x0000000713c00000, 0x0000000713c00000|100%| E|CS|TAMS 0x0000000713a00000| PB 0x0000000713a00000| Complete 
| 122|0x0000000713c00000, 0x0000000713e00000, 0x0000000713e00000|100%| E|CS|TAMS 0x0000000713c00000| PB 0x0000000713c00000| Complete 
| 123|0x0000000713e00000, 0x0000000714000000, 0x0000000714000000|100%| E|CS|TAMS 0x0000000713e00000| PB 0x0000000713e00000| Complete 
| 124|0x0000000714000000, 0x0000000714200000, 0x0000000714200000|100%| E|CS|TAMS 0x0000000714000000| PB 0x0000000714000000| Complete 
| 125|0x0000000714200000, 0x0000000714400000, 0x0000000714400000|100%| E|CS|TAMS 0x0000000714200000| PB 0x0000000714200000| Complete 

Card table byte_map: [0x0000023172450000,0x0000023172c30000] _byte_map_base: 0x000002316ec2c000

Marking Bits: (CMBitMap*) 0x00000231585f4900
 Bits: [0x0000023172c30000, 0x0000023176b10000)

Polling page: 0x00000231580c0000

Metaspace:

Usage:
  Non-class:     13.06 MB used.
      Class:      1.76 MB used.
       Both:     14.83 MB used.

Virtual space:
  Non-class space:       64.00 MB reserved,      13.19 MB ( 21%) committed,  1 nodes.
      Class space:        1.00 GB reserved,       1.88 MB ( <1%) committed,  1 nodes.
             Both:        1.06 GB reserved,      15.06 MB (  1%) committed. 

Chunk freelists:
   Non-Class:  2.20 MB
       Class:  13.97 MB
        Both:  16.18 MB

MaxMetaspaceSize: unlimited
CompressedClassSpaceSize: 1.00 GB
Initial GC threshold: 21.00 MB
Current GC threshold: 21.00 MB
CDS: on
 - commit_granule_bytes: 65536.
 - commit_granule_words: 8192.
 - virtual_space_node_default_size: 8388608.
 - enlarge_chunks_in_place: 1.
 - use_allocation_guard: 0.


Internal statistics:

num_allocs_failed_limit: 0.
num_arena_births: 140.
num_arena_deaths: 0.
num_vsnodes_births: 2.
num_vsnodes_deaths: 0.
num_space_committed: 241.
num_space_uncommitted: 0.
num_chunks_returned_to_freelist: 0.
num_chunks_taken_from_freelist: 667.
num_chunk_merges: 0.
num_chunk_splits: 454.
num_chunks_enlarged: 368.
num_inconsistent_stats: 0.

CodeHeap 'non-profiled nmethods': size=120000Kb used=1434Kb max_used=1434Kb free=118565Kb
 bounds [0x0000023169aa0000, 0x0000023169d10000, 0x0000023170fd0000]
CodeHeap 'profiled nmethods': size=120000Kb used=6709Kb max_used=6709Kb free=113291Kb
 bounds [0x0000023161fd0000, 0x0000023162660000, 0x0000023169500000]
CodeHeap 'non-nmethods': size=5760Kb used=1394Kb max_used=1433Kb free=4365Kb
 bounds [0x0000023169500000, 0x0000023169770000, 0x0000023169aa0000]
 total_blobs=3744 nmethods=3256 adapters=392
 compilation: enabled
              stopped_count=0, restarted_count=0
 full_count=0

Compilation events (20 events):
Event: 4.009 Thread 0x0000023179826210 nmethod 3201 0x000002316263a010 code [0x000002316263a1c0, 0x000002316263a610]
Event: 4.009 Thread 0x0000023179826210 3202       3       org.apache.maven.model.interpolation.ProblemDetectingValueSource::getValue (142 bytes)
Event: 4.011 Thread 0x0000023179826210 nmethod 3202 0x000002316263a710 code [0x000002316263aae0, 0x000002316263bea0]
Event: 4.011 Thread 0x0000023179826210 3203       3       org.codehaus.plexus.interpolation.AbstractDelegatingValueSource::getValue (11 bytes)
Event: 4.011 Thread 0x0000023179826210 nmethod 3203 0x000002316263c710 code [0x000002316263c8c0, 0x000002316263cb30]
Event: 4.011 Thread 0x0000023179826210 3204       3       java.lang.reflect.Method::isCallerSensitive (38 bytes)
Event: 4.012 Thread 0x0000023179826210 nmethod 3204 0x000002316263cc10 code [0x000002316263ce40, 0x000002316263d7d0]
Event: 4.014 Thread 0x0000023179826210 3205       3       java.util.StringTokenizer::scanToken (179 bytes)
Event: 4.016 Thread 0x0000023179826210 nmethod 3205 0x000002316263da90 code [0x000002316263dda0, 0x000002316263f058]
Event: 4.016 Thread 0x0000023179826210 3207       1       org.apache.maven.model.building.DefaultModelBuildingRequest::getModelCache (5 bytes)
Event: 4.017 Thread 0x0000023179826210 nmethod 3207 0x0000023169bff990 code [0x0000023169bffb20, 0x0000023169bffbf0]
Event: 4.017 Thread 0x0000023179826210 3208       1       org.apache.maven.repository.internal.DefaultModelCache$Key::hashCode (5 bytes)
Event: 4.017 Thread 0x0000023179826210 nmethod 3208 0x0000023169bffc90 code [0x0000023169bffe20, 0x0000023169bffee8]
Event: 4.017 Thread 0x0000023179826210 3210       1       org.apache.maven.model.building.ModelCacheTag$2::getName (3 bytes)
Event: 4.018 Thread 0x0000023179826210 nmethod 3210 0x0000023169bfff90 code [0x0000023169c00120, 0x0000023169c001f0]
Event: 4.018 Thread 0x0000023179826210 3211       3       java.lang.ThreadLocal$ThreadLocalMap::nextIndex (15 bytes)
Event: 4.018 Thread 0x0000023179826210 nmethod 3211 0x000002316263f790 code [0x000002316263f920, 0x000002316263fa60]
Event: 4.018 Thread 0x0000023179826210 3206       1       org.apache.maven.model.PluginContainer::setPlugins (6 bytes)
Event: 4.018 Thread 0x0000023179826210 nmethod 3206 0x0000023169c00290 code [0x0000023169c00420, 0x0000023169c00538]
Event: 4.024 Thread 0x0000023179826210 3212       3       java.util.regex.Pattern$CharProperty::study (29 bytes)

GC Heap History (4 events):
Event: 1.096 GC heap before
{Heap before GC invocations=0 (full 0):
 garbage-first heap   total 258048K, used 22528K [0x0000000704800000, 0x0000000800000000)
  region size 2048K, 11 young (22528K), 0 survivors (0K)
 Metaspace       used 5586K, committed 5824K, reserved 1114112K
  class space    used 652K, committed 768K, reserved 1048576K
}
Event: 1.102 GC heap after
{Heap after GC invocations=1 (full 0):
 garbage-first heap   total 258048K, used 4013K [0x0000000704800000, 0x0000000800000000)
  region size 2048K, 2 young (4096K), 2 survivors (4096K)
 Metaspace       used 5586K, committed 5824K, reserved 1114112K
  class space    used 652K, committed 768K, reserved 1048576K
}
Event: 2.121 GC heap before
{Heap before GC invocations=1 (full 0):
 garbage-first heap   total 258048K, used 36781K [0x0000000704800000, 0x0000000800000000)
  region size 2048K, 18 young (36864K), 2 survivors (4096K)
 Metaspace       used 9602K, committed 9792K, reserved 1114112K
  class space    used 1141K, committed 1216K, reserved 1048576K
}
Event: 2.128 GC heap after
{Heap after GC invocations=2 (full 0):
 garbage-first heap   total 258048K, used 5246K [0x0000000704800000, 0x0000000800000000)
  region size 2048K, 1 young (2048K), 1 survivors (2048K)
 Metaspace       used 9602K, committed 9792K, reserved 1114112K
  class space    used 1141K, committed 1216K, reserved 1048576K
}

Dll operation events (8 events):
Event: 0.011 Loaded shared library C:\Program Files\Java\jdk-21\bin\java.dll
Event: 0.045 Loaded shared library C:\Program Files\Java\jdk-21\bin\jsvml.dll
Event: 0.066 Loaded shared library C:\Program Files\Java\jdk-21\bin\net.dll
Event: 0.069 Loaded shared library C:\Program Files\Java\jdk-21\bin\nio.dll
Event: 0.074 Loaded shared library C:\Program Files\Java\jdk-21\bin\zip.dll
Event: 0.325 Loaded shared library C:\Program Files\Java\jdk-21\bin\jimage.dll
Event: 0.328 Loaded shared library C:\Users\user\.m2\wrapper\dists\apache-maven-3.9.12\59fe215c0ad6947fea90184bf7add084544567b927287592651fda3782e0e798\lib\jansi-native\Windows\x86_64\jansi.dll
Event: 0.348 Loaded shared library C:\Program Files\Java\jdk-21\bin\verify.dll

Deoptimization events (20 events):
Event: 3.509 Thread 0x000002315858f120 Uncommon trap: trap_request=0xffffff45 fr.pc=0x0000023169ba4c7c relative=0x000000000000005c
Event: 3.509 Thread 0x000002315858f120 Uncommon trap: reason=unstable_if action=reinterpret pc=0x0000023169ba4c7c method=org.codehaus.plexus.util.xml.pull.MXParser.isValidCodePoint(I)Z @ 3 c2
Event: 3.509 Thread 0x000002315858f120 DEOPT PACKING pc=0x0000023169ba4c7c sp=0x000000b12f3fde00
Event: 3.509 Thread 0x000002315858f120 DEOPT UNPACKING pc=0x00000231695546a2 sp=0x000000b12f3fdd90 mode 2
Event: 3.537 Thread 0x000002315858f120 Uncommon trap: trap_request=0xffffff45 fr.pc=0x0000023169bd7d48 relative=0x0000000000000e08
Event: 3.537 Thread 0x000002315858f120 Uncommon trap: reason=unstable_if action=reinterpret pc=0x0000023169bd7d48 method=org.codehaus.plexus.util.xml.pull.MXParser.nextImpl()I @ 884 c2
Event: 3.537 Thread 0x000002315858f120 DEOPT PACKING pc=0x0000023169bd7d48 sp=0x000000b12f3fde30
Event: 3.537 Thread 0x000002315858f120 DEOPT UNPACKING pc=0x00000231695546a2 sp=0x000000b12f3fddd8 mode 2
Event: 3.988 Thread 0x000002315858f120 Uncommon trap: trap_request=0xffffff45 fr.pc=0x0000023169aa8fe8 relative=0x00000000000001c8
Event: 3.988 Thread 0x000002315858f120 Uncommon trap: reason=unstable_if action=reinterpret pc=0x0000023169aa8fe8 method=java.lang.String.indexOf(II)I @ 4 c2
Event: 3.988 Thread 0x000002315858f120 DEOPT PACKING pc=0x0000023169aa8fe8 sp=0x000000b12f3fe230
Event: 3.988 Thread 0x000002315858f120 DEOPT UNPACKING pc=0x00000231695546a2 sp=0x000000b12f3fe160 mode 2
Event: 3.988 Thread 0x000002315858f120 Uncommon trap: trap_request=0xffffff45 fr.pc=0x0000023169ada608 relative=0x0000000000000628
Event: 3.988 Thread 0x000002315858f120 Uncommon trap: reason=unstable_if action=reinterpret pc=0x0000023169ada608 method=java.lang.String.substring(II)Ljava/lang/String; @ 31 c2
Event: 3.988 Thread 0x000002315858f120 DEOPT PACKING pc=0x0000023169ada608 sp=0x000000b12f3fe1d0
Event: 3.988 Thread 0x000002315858f120 DEOPT UNPACKING pc=0x00000231695546a2 sp=0x000000b12f3fe1a0 mode 2
Event: 4.013 Thread 0x000002315858f120 Uncommon trap: trap_request=0xffffffbe fr.pc=0x0000023169b9dae0 relative=0x0000000000000380
Event: 4.013 Thread 0x000002315858f120 Uncommon trap: reason=profile_predicate action=maybe_recompile pc=0x0000023169b9dae0 method=com.google.inject.internal.aop.ImmutableStringTrie.nextPivotColumn([Ljava/lang/String;III)I @ 21 c2
Event: 4.013 Thread 0x000002315858f120 DEOPT PACKING pc=0x0000023169b9dae0 sp=0x000000b12f3fc3e0
Event: 4.013 Thread 0x000002315858f120 DEOPT UNPACKING pc=0x00000231695546a2 sp=0x000000b12f3fc370 mode 2

Classes loaded (20 events):
Event: 3.116 Loading class java/util/AbstractMap$2
Event: 3.117 Loading class java/util/AbstractMap$2 done
Event: 3.117 Loading class java/util/AbstractMap$2$1
Event: 3.117 Loading class java/util/AbstractMap$2$1 done
Event: 3.216 Loading class sun/util/resources/LocaleData$CommonResourceBundleProvider
Event: 3.216 Loading class sun/util/resources/LocaleData$LocaleDataResourceBundleProvider
Event: 3.216 Loading class java/util/spi/ResourceBundleProvider
Event: 3.217 Loading class java/util/spi/ResourceBundleProvider done
Event: 3.217 Loading class sun/util/resources/LocaleData$LocaleDataResourceBundleProvider done
Event: 3.217 Loading class sun/util/resources/LocaleData$CommonResourceBundleProvider done
Event: 3.218 Loading class sun/util/resources/Bundles$2
Event: 3.218 Loading class sun/util/resources/Bundles$2 done
Event: 3.282 Loading class java/util/StringTokenizer
Event: 3.282 Loading class java/util/StringTokenizer done
Event: 3.294 Loading class sun/invoke/util/ValueConversions$1
Event: 3.294 Loading class sun/invoke/util/ValueConversions$1 done
Event: 3.295 Loading class java/lang/invoke/BoundMethodHandle$Species_LI
Event: 3.295 Loading class java/lang/invoke/BoundMethodHandle$Species_LI done
Event: 3.408 Loading class java/util/stream/Streams$RangeIntSpliterator
Event: 3.409 Loading class java/util/stream/Streams$RangeIntSpliterator done

Classes unloaded (0 events):
No events

Classes redefined (0 events):
No events

Internal exceptions (20 events):
Event: 0.850 Thread 0x000002315858f120 Exception <a 'java/lang/NoSuchMethodError'{0x0000000713322e40}: 'java.lang.Object java.lang.invoke.Invokers$Holder.invokeExact_MT(java.lang.Object, java.lang.Object, java.lang.Object, java.lang.Object, java.lang.Object, java.lang.Object)'> (0x0000000713322e40) 
thrown [s\open\src\hotspot\share\interpreter\linkResolver.cpp, line 773]
Event: 0.853 Thread 0x000002315858f120 Exception <a 'java/lang/NoSuchMethodError'{0x0000000713331618}: 'int java.lang.invoke.DirectMethodHandle$Holder.invokeSpecialIFC(java.lang.Object, java.lang.Object, java.lang.Object, java.lang.Object, java.lang.Object)'> (0x0000000713331618) 
thrown [s\open\src\hotspot\share\interpreter\linkResolver.cpp, line 773]
Event: 0.955 Thread 0x000002315858f120 Exception <a 'java/lang/NoSuchMethodError'{0x00000007130e2f88}: 'java.lang.Object java.lang.invoke.DirectMethodHandle$Holder.newInvokeSpecial(java.lang.Object, java.lang.Object, java.lang.Object, java.lang.Object, java.lang.Object)'> (0x00000007130e2f88) 
thrown [s\open\src\hotspot\share\interpreter\linkResolver.cpp, line 773]
Event: 1.015 Thread 0x000002315858f120 Exception <a 'java/lang/NoSuchMethodError'{0x0000000712e097c8}: 'int java.lang.invoke.DirectMethodHandle$Holder.invokeStaticInit(java.lang.Object, java.lang.Object)'> (0x0000000712e097c8) 
thrown [s\open\src\hotspot\share\interpreter\linkResolver.cpp, line 773]
Event: 1.031 Thread 0x000002315858f120 Exception <a 'java/lang/NoClassDefFoundError'{0x0000000712e427f8}: javax/enterprise/inject/Typed> (0x0000000712e427f8) 
thrown [s\open\src\hotspot\share\classfile\systemDictionary.cpp, line 301]
Event: 2.344 Thread 0x000002315858f120 Exception <a 'java/lang/NoSuchMethodError'{0x0000000713c40ab0}: 'void java.lang.invoke.DirectMethodHandle$Holder.invokeStaticInit(java.lang.Object, java.lang.Object, java.lang.Object)'> (0x0000000713c40ab0) 
thrown [s\open\src\hotspot\share\interpreter\linkResolver.cpp, line 773]
Event: 2.364 Thread 0x000002315858f120 Implicit null exception at 0x0000023169b2ebba to 0x0000023169b2edb4
Event: 2.368 Thread 0x000002315858f120 Exception <a 'java/lang/NoSuchMethodError'{0x0000000713cb4390}: 'java.lang.Object java.lang.invoke.Invokers$Holder.invokeExact_MT(java.lang.Object, int, java.lang.Object)'> (0x0000000713cb4390) 
thrown [s\open\src\hotspot\share\interpreter\linkResolver.cpp, line 773]
Event: 2.689 Thread 0x000002315858f120 Exception <a 'java/lang/NoSuchMethodError'{0x00000007134ef2b0}: 'void java.lang.invoke.Invokers$Holder.invokeExact_MT(java.lang.Object, java.lang.Object, java.lang.Object, java.lang.Object)'> (0x00000007134ef2b0) 
thrown [s\open\src\hotspot\share\interpreter\linkResolver.cpp, line 773]
Event: 2.721 Thread 0x000002315858f120 Exception <a 'java/lang/NoClassDefFoundError'{0x0000000713583448}: com/google/inject/servlet/ServletModuleTargetVisitor> (0x0000000713583448) 
thrown [s\open\src\hotspot\share\classfile\systemDictionary.cpp, line 301]
Event: 2.882 Thread 0x000002315858f120 Exception <a 'java/lang/NoSuchMethodError'{0x00000007133e9948}: 'java.lang.Object java.lang.invoke.DirectMethodHandle$Holder.invokeStaticInit(java.lang.Object, int, int, int, int)'> (0x00000007133e9948) 
thrown [s\open\src\hotspot\share\interpreter\linkResolver.cpp, line 773]
Event: 3.040 Thread 0x000002315858f120 Implicit null exception at 0x0000023169ad6f24 to 0x0000023169ad759c
Event: 3.040 Thread 0x000002315858f120 Implicit null exception at 0x0000023169ac9e20 to 0x0000023169aca48c
Event: 3.142 Thread 0x000002315858f120 Exception <a 'java/lang/NoSuchMethodError'{0x0000000712d14d48}: 'void java.lang.invoke.DirectMethodHandle$Holder.invokeSpecial(java.lang.Object, java.lang.Object, java.lang.Object, java.lang.Object, java.lang.Object, java.lang.Object)'> (0x0000000712d14d48) 
thrown [s\open\src\hotspot\share\interpreter\linkResolver.cpp, line 773]
Event: 3.174 Thread 0x000002315858f120 Exception <a 'java/lang/NoSuchMethodError'{0x0000000712a57930}: 'java.lang.Object java.lang.invoke.DirectMethodHandle$Holder.invokeVirtual(java.lang.Object, java.lang.Object, java.lang.Object)'> (0x0000000712a57930) 
thrown [s\open\src\hotspot\share\interpreter\linkResolver.cpp, line 773]
Event: 3.294 Thread 0x000002315858f120 Exception <a 'java/lang/NoSuchMethodError'{0x00000007128391f0}: 'void java.lang.invoke.DirectMethodHandle$Holder.invokeVirtual(java.lang.Object, java.lang.Object, int)'> (0x00000007128391f0) 
thrown [s\open\src\hotspot\share\interpreter\linkResolver.cpp, line 773]
Event: 3.294 Thread 0x000002315858f120 Exception <a 'java/lang/NoSuchMethodError'{0x000000071283d338}: 'int java.lang.invoke.DirectMethodHandle$Holder.invokeSpecial(java.lang.Object, java.lang.Object, java.lang.Object, int)'> (0x000000071283d338) 
thrown [s\open\src\hotspot\share\interpreter\linkResolver.cpp, line 773]
Event: 3.296 Thread 0x000002315858f120 Exception <a 'java/lang/NoSuchMethodError'{0x000000071284f9e0}: 'java.lang.Object java.lang.invoke.DirectMethodHandle$Holder.invokeStatic(java.lang.Object, java.lang.Object, java.lang.Object, java.lang.Object, int)'> (0x000000071284f9e0) 
thrown [s\open\src\hotspot\share\interpreter\linkResolver.cpp, line 773]
Event: 3.298 Thread 0x000002315858f120 Exception <a 'java/lang/NoSuchMethodError'{0x00000007128577c0}: 'void java.lang.invoke.DirectMethodHandle$Holder.invokeSpecial(java.lang.Object, java.lang.Object, java.lang.Object, int)'> (0x00000007128577c0) 
thrown [s\open\src\hotspot\share\interpreter\linkResolver.cpp, line 773]
Event: 3.298 Thread 0x000002315858f120 Exception <a 'java/lang/NoSuchMethodError'{0x000000071285ae80}: 'void java.lang.invoke.DelegatingMethodHandle$Holder.reinvoke_L(java.lang.Object, java.lang.Object, int)'> (0x000000071285ae80) 
thrown [s\open\src\hotspot\share\interpreter\linkResolver.cpp, line 773]

ZGC Phase Switch (0 events):
No events

VM Operations (20 events):
Event: 2.655 Executing VM operation: ICBufferFull
Event: 2.655 Executing VM operation: ICBufferFull done
Event: 2.680 Executing VM operation: HandshakeAllThreads (Deoptimize)
Event: 2.680 Executing VM operation: HandshakeAllThreads (Deoptimize) done
Event: 2.808 Executing VM operation: HandshakeAllThreads (Deoptimize)
Event: 2.808 Executing VM operation: HandshakeAllThreads (Deoptimize) done
Event: 2.848 Executing VM operation: HandshakeAllThreads (Deoptimize)
Event: 2.848 Executing VM operation: HandshakeAllThreads (Deoptimize) done
Event: 2.901 Executing VM operation: HandshakeAllThreads (Deoptimize)
Event: 2.901 Executing VM operation: HandshakeAllThreads (Deoptimize) done
Event: 2.979 Executing VM operation: HandshakeAllThreads (Deoptimize)
Event: 2.979 Executing VM operation: HandshakeAllThreads (Deoptimize) done
Event: 2.980 Executing VM operation: HandshakeAllThreads (Deoptimize)
Event: 2.980 Executing VM operation: HandshakeAllThreads (Deoptimize) done
Event: 3.293 Executing VM operation: ICBufferFull
Event: 3.293 Executing VM operation: ICBufferFull done
Event: 4.013 Executing VM operation: ICBufferFull
Event: 4.013 Executing VM operation: ICBufferFull done
Event: 5.021 Executing VM operation: Cleanup
Event: 5.021 Executing VM operation: Cleanup done

Events (20 events):
Event: 0.041 Thread 0x000002317980ae30 Thread added: 0x000002317980ae30
Event: 0.041 Thread 0x000002317980d8a0 Thread added: 0x000002317980d8a0
Event: 0.042 Thread 0x000002317981a4e0 Thread added: 0x000002317981a4e0
Event: 0.042 Thread 0x000002317981b0f0 Thread added: 0x000002317981b0f0
Event: 0.042 Thread 0x000002317981c780 Thread added: 0x000002317981c780
Event: 0.042 Thread 0x000002317981ebf0 Thread added: 0x000002317981ebf0
Event: 0.042 Thread 0x0000023179825260 Thread added: 0x0000023179825260
Event: 0.043 Thread 0x0000023179826210 Thread added: 0x0000023179826210
Event: 0.057 Thread 0x0000023179aa1530 Thread added: 0x0000023179aa1530
Event: 0.061 Thread 0x0000023179aadaf0 Thread added: 0x0000023179aadaf0
Event: 0.323 Thread 0x0000023179d46770 Thread added: 0x0000023179d46770
Event: 0.415 Thread 0x0000023179d46770 Thread exited: 0x0000023179d46770
Event: 0.565 Thread 0x000002317e22b4c0 Thread added: 0x000002317e22b4c0
Event: 0.888 Thread 0x000002317e22b4c0 Thread exited: 0x000002317e22b4c0
Event: 1.057 Thread 0x000002317e2b2260 Thread added: 0x000002317e2b2260
Event: 1.088 Thread 0x000002317e8f7b20 Thread added: 0x000002317e8f7b20
Event: 1.808 Thread 0x000002317e8f7b20 Thread exited: 0x000002317e8f7b20
Event: 2.340 Thread 0x000002317e2b2260 Thread exited: 0x000002317e2b2260
Event: 2.796 Thread 0x000002317eb04800 Thread added: 0x000002317eb04800
Event: 2.922 Thread 0x000002317f363660 Thread added: 0x000002317f363660


Dynamic libraries:
0x00007ff603610000 - 0x00007ff603620000 	C:\Program Files\Java\jdk-21\bin\java.exe
0x00007ff9a8a60000 - 0x00007ff9a8cc7000 	C:\WINDOWS\SYSTEM32\ntdll.dll
0x00007ff9a87e0000 - 0x00007ff9a88a9000 	C:\WINDOWS\System32\KERNEL32.DLL
0x00007ff9a6120000 - 0x00007ff9a650f000 	C:\WINDOWS\System32\KERNELBASE.dll
0x00007ff9a5bb0000 - 0x00007ff9a5cfb000 	C:\WINDOWS\System32\ucrtbase.dll
0x00007ff983c80000 - 0x00007ff983c9b000 	C:\Program Files\Java\jdk-21\bin\VCRUNTIME140.dll
0x00007ff983b00000 - 0x00007ff983b19000 	C:\Program Files\Java\jdk-21\bin\jli.dll
0x00007ff9a7210000 - 0x00007ff9a72c4000 	C:\WINDOWS\System32\ADVAPI32.dll
0x00007ff9a73a0000 - 0x00007ff9a7449000 	C:\WINDOWS\System32\msvcrt.dll
0x00007ff9a7c50000 - 0x00007ff9a7cf6000 	C:\WINDOWS\System32\sechost.dll
0x00007ff9a6c90000 - 0x00007ff9a6da8000 	C:\WINDOWS\System32\RPCRT4.dll
0x00007ff9a7490000 - 0x00007ff9a7655000 	C:\WINDOWS\System32\USER32.dll
0x00007ff98a0b0000 - 0x00007ff98a343000 	C:\WINDOWS\WinSxS\amd64_microsoft.windows.common-controls_6595b64144ccf1df_6.0.26100.7309_none_3e05feeae336a044\COMCTL32.dll
0x00007ff9a65d0000 - 0x00007ff9a65f7000 	C:\WINDOWS\System32\win32u.dll
0x00007ff9a6e40000 - 0x00007ff9a6e6b000 	C:\WINDOWS\System32\GDI32.dll
0x00007ff9a5db0000 - 0x00007ff9a5edc000 	C:\WINDOWS\System32\gdi32full.dll
0x00007ff9a5d00000 - 0x00007ff9a5da3000 	C:\WINDOWS\System32\msvcp_win.dll
0x00007ff98bc90000 - 0x00007ff98bc9b000 	C:\WINDOWS\SYSTEM32\VERSION.dll
0x00007ff9a7450000 - 0x00007ff9a7481000 	C:\WINDOWS\System32\IMM32.DLL
0x00007ff994160000 - 0x00007ff99416c000 	C:\Program Files\Java\jdk-21\bin\vcruntime140_1.dll
0x00007ff968b10000 - 0x00007ff968b9e000 	C:\Program Files\Java\jdk-21\bin\msvcp140.dll
0x00007ff979e90000 - 0x00007ff97aba3000 	C:\Program Files\Java\jdk-21\bin\server\jvm.dll
0x00007ff9a7b10000 - 0x00007ff9a7b84000 	C:\WINDOWS\System32\WS2_32.dll
0x00007ff9a5a30000 - 0x00007ff9a5a8e000 	C:\WINDOWS\SYSTEM32\POWRPROF.dll
0x00007ff99c8a0000 - 0x00007ff99c8d5000 	C:\WINDOWS\SYSTEM32\WINMM.dll
0x00007ff9a5a10000 - 0x00007ff9a5a24000 	C:\WINDOWS\SYSTEM32\UMPDC.dll
0x00007ff9a48c0000 - 0x00007ff9a48db000 	C:\WINDOWS\SYSTEM32\kernel.appcore.dll
0x00007ff97b170000 - 0x00007ff97b17a000 	C:\Program Files\Java\jdk-21\bin\jimage.dll
0x00007ff9a31a0000 - 0x00007ff9a33e2000 	C:\WINDOWS\SYSTEM32\DBGHELP.DLL
0x00007ff9a6e80000 - 0x00007ff9a7206000 	C:\WINDOWS\System32\combase.dll
0x00007ff9a7660000 - 0x00007ff9a7736000 	C:\WINDOWS\System32\OLEAUT32.dll
0x00007ff98b580000 - 0x00007ff98b5bc000 	C:\WINDOWS\SYSTEM32\dbgcore.DLL
0x00007ff9a6520000 - 0x00007ff9a65c5000 	C:\WINDOWS\System32\bcryptPrimitives.dll
0x00007ff97f320000 - 0x00007ff97f33f000 	C:\Program Files\Java\jdk-21\bin\java.dll
0x00007ff9a8080000 - 0x00007ff9a87d3000 	C:\WINDOWS\System32\SHELL32.dll
0x00007ff9a6690000 - 0x00007ff9a67fa000 	C:\WINDOWS\System32\wintypes.dll
0x00007ff9a3770000 - 0x00007ff9a3fce000 	C:\WINDOWS\SYSTEM32\windows.storage.dll
0x00007ff9a7da0000 - 0x00007ff9a7e95000 	C:\WINDOWS\System32\SHCORE.dll
0x00007ff9a77a0000 - 0x00007ff9a7806000 	C:\WINDOWS\System32\shlwapi.dll
0x00007ff9a5ad0000 - 0x00007ff9a5af9000 	C:\WINDOWS\SYSTEM32\profapi.dll
0x00007ff97adb0000 - 0x00007ff97ae87000 	C:\Program Files\Java\jdk-21\bin\jsvml.dll
0x00007ff97b0f0000 - 0x00007ff97b100000 	C:\Program Files\Java\jdk-21\bin\net.dll
0x00007ff99e520000 - 0x00007ff99e648000 	C:\WINDOWS\SYSTEM32\WINHTTP.dll
0x00007ff9a4e70000 - 0x00007ff9a4edb000 	C:\WINDOWS\system32\mswsock.dll
0x00007ff97ac00000 - 0x00007ff97ac16000 	C:\Program Files\Java\jdk-21\bin\nio.dll
0x00007ff979100000 - 0x00007ff979118000 	C:\Program Files\Java\jdk-21\bin\zip.dll
0x00007ff983ad0000 - 0x00007ff983af4000 	C:\Users\user\.m2\wrapper\dists\apache-maven-3.9.12\59fe215c0ad6947fea90184bf7add084544567b927287592651fda3782e0e798\lib\jansi-native\Windows\x86_64\jansi.dll
0x00007ff992570000 - 0x00007ff992580000 	C:\Program Files\Java\jdk-21\bin\verify.dll

dbghelp: loaded successfully - version: 4.0.5 - missing functions: none
symbol engine: initialized successfully - sym options: 0x614 - pdb path: .;C:\Program Files\Java\jdk-21\bin;C:\WINDOWS\SYSTEM32;C:\WINDOWS\WinSxS\amd64_microsoft.windows.common-controls_6595b64144ccf1df_6.0.26100.7309_none_3e05feeae336a044;C:\Program Files\Java\jdk-21\bin\server;C:\Users\user\.m2\wrapper\dists\apache-maven-3.9.12\59fe215c0ad6947fea90184bf7add084544567b927287592651fda3782e0e798\lib\jansi-native\Windows\x86_64

VM Arguments:
jvm_args: --enable-native-access=ALL-UNNAMED -Dclassworlds.conf=C:\Users\user\.m2\wrapper\dists\apache-maven-3.9.12\59fe215c0ad6947fea90184bf7add084544567b927287592651fda3782e0e798\bin\m2.conf -Dmaven.home=C:\Users\user\.m2\wrapper\dists\apache-maven-3.9.12\59fe215c0ad6947fea90184bf7add084544567b927287592651fda3782e0e798 -Dlibrary.jansi.path=C:\Users\user\.m2\wrapper\dists\apache-maven-3.9.12\59fe215c0ad6947fea90184bf7add084544567b927287592651fda3782e0e798\lib\jansi-native -Dmaven.multiModuleProjectDirectory=D:\ENgdb\engdb 
java_command: org.codehaus.plexus.classworlds.launcher.Launcher test -Dtest=QueryPipelineTest
java_class_path (initial): C:\Users\user\.m2\wrapper\dists\apache-maven-3.9.12\59fe215c0ad6947fea90184bf7add084544567b927287592651fda3782e0e798\boot\plexus-classworlds-2.9.0.jar
Launcher Type: SUN_STANDARD

[Global flags]
     intx CICompilerCount                          = 4                                         {product} {ergonomic}
     uint ConcGCThreads                            = 3                                         {product} {ergonomic}
     uint G1ConcRefinementThreads                  = 10                                        {product} {ergonomic}
   size_t G1HeapRegionSize                         = 2097152                                   {product} {ergonomic}
    uintx GCDrainStackTargetSize                   = 64                                        {product} {ergonomic}
   size_t InitialHeapSize                          = 264241152                                 {product} {ergonomic}
   size_t MarkStackSize                            = 4194304                                   {product} {ergonomic}
   size_t MaxHeapSize                              = 4219469824                                {product} {ergonomic}
   size_t MaxNewSize                               = 2531262464                                {product} {ergonomic}
   size_t MinHeapDeltaBytes                        = 2097152                                   {product} {ergonomic}
   size_t MinHeapSize                              = 8388608                                   {product} {ergonomic}
    uintx NonNMethodCodeHeapSize                   = 5839372                                {pd product} {ergonomic}
    uintx NonProfiledCodeHeapSize                  = 122909434                              {pd product} {ergonomic}
    uintx ProfiledCodeHeapSize                     = 122909434                              {pd product} {ergonomic}
    uintx ReservedCodeCacheSize                    = 251658240                              {pd product} {ergonomic}
     bool SegmentedCodeCache                       = true                                      {product} {ergonomic}
   size_t SoftMaxHeapSize                          = 4219469824                             {manageable} {ergonomic}
     bool UseCompressedOops                        = true                           {product lp64_product} {ergonomic}
     bool UseG1GC                                  = true                                      {product} {ergonomic}
     bool UseLargePagesIndividualAllocation        = false                                  {pd product} {ergonomic}

Logging:
Log output configuration:
 #0: stdout all=warning uptime,level,tags foldmultilines=false
 #1: stderr all=off uptime,level,tags foldmultilines=false

Environment Variables:
PATH=C:\Users\user\AppData\Local\Programs\Python\Python313;C:\Users\user\AppData\Local\Programs\Python\Python313\Scripts;C:\Python314\Scripts\;C:\Python314\;C:\Program Files (x86)\VMware\VMware Workstation\bin\;C:\Ruby32\bin;D:\ruby\Ruby32\bin;C:\Program Files\Common Files\Oracle\Java\javapath;C:\Program Files\Microsoft\jdk-11.0.16.101-hotspot\bin;C:\Program Files (x86)\NVIDIA Corporation\PhysX\Common;C:\WINDOWS\system32;C:\WINDOWS;C:\WINDOWS\System32\Wbem;C:\WINDOWS\System32\WindowsPowerShell\v1.0\;C:\WINDOWS\System32\OpenSSH\;C:\Program Files\Git\cmd;C:\Program Files\Microsoft SQL Server\150\Tools\Binn\;C:\Program Files\dotnet\;C:\Program Files\PuTTY\;C:\msys64\mingw64\bin;C:\Program Files\PostgreSQL\17\bin;c:\Users\user\AppData\Local\Programs\cursor\resources\app\bin;C:\Program Files\Geth;D:\SFML-2.6.1-windows-gcc-13.1.0-mingw-64-bit\SFML-2.6.1\bin;C:\Program Files\CMake\bin;C:\WINDOWS\system32;C:\WINDOWS;C:\WINDOWS\System32\Wbem;C:\WINDOWS\System32\WindowsPowerShell\v1.0\;C:\WINDOWS\System32\OpenSSH\;C:\Program Files (x86)\Nmap;C:\xampp\php;C:\composer;C:\Users\user\AppData\Roaming\npm;C:\Program Files\mosquitto;D:\download new\teraterm-5.0 (1)\teraterm-5.0;D:\download new\Compressed\mingw-w64-v13.0.0\mingw-w64-v13.0.0;D:\CacheDB;C:\Program Files\Go\bin;C:\Program Files\MySQL\MySQL Server 8.0\bin;D:\new apps\CacheDB;C:\Program Files\Docker\Docker\resources\bin;C:\Program Files\Tenable\Nessus;C:\Program Files\nodejs\;C:\ProgramData\chocolatey\bin;C:\Program Files (x86)\VideoLAN\VLC;C:\Users\user\scoop\shims;C:\Users\user\.console-ninja\.bin;C:\Program Files (x86)\VMware\VMware Workstation\bin\;C:\Ruby32\bin;D:\ruby\Ruby32\bin;C:\Program Files\Common Files\Oracle\Java\javapath;C:\Program Files\Microsoft\jdk-11.0.16.101-hotspot\bin;C:\Program Files (x86)\NVIDIA Corporation\PhysX\Common;C:\WINDOWS\system32;C:\WINDOWS;C:\WINDOWS\System32\Wbem;C:\WINDOWS\System32\WindowsPowerShell\v1.0\;C:\WINDOWS\System32\OpenSSH\;C:\Program Files\Git\cmd;C:\Program Files\nodejs\;C:\Program Files\Microsoft SQL Server\150\Tools\Binn\;C:\Program Files\dotnet\;C:\Program Files\Docker\Docker\resources\bin;C:\Program Files\PuTTY\;C:\MinGW\bin;C:\Program Files\PostgreSQL\17\bin;C:\Program Files\Geth;D:\SFML-2.6.1-windows-gcc-13.1.0-mingw-64-bit\SFML-2.6.1\bin;C:\Program Files\CMake\bin;C:\WINDOWS\system32;C:\WINDOWS;C:\WINDOWS\System32\Wbem;C:\WINDOWS\System32\WindowsPowerShell\v1.0\;C:\WINDOWS\System32\OpenSSH\;C:\Program Files (x86)\Nmap;C:\xampp\php;C:\composer;C:\Program Files (x86)\VMware\VMware Workstation\bin\;C:\Ruby32\bin;D:\ruby\Ruby32\bin;C:\Program Files\Common Files\Oracle\Java\javapath;C:\Program Files\Microsoft\jdk-11.0.16.101-hotspot\bin;C:\Program Files (x86)\NVIDIA Corporation\PhysX\Common;C:\WINDOWS\system32;C:\WINDOWS;C:\WINDOWS\System32\Wbem;C:\WINDOWS\System32\WindowsPowerShell\v1.0\;C:\WINDOWS\System32\OpenSSH\;C:\Program Files\Git\cmd;C:\Program Files\nodejs\;C:\Program Files\Microsoft SQL Server\150\Tools\Binn\;C:\Program Files\dotnet\;C:\Program Files\Docker\Docker\resources\bin;C:\Program Files\PuTTY\;C:\MinGW\bin;C:\Program Files\PostgreSQL\17\bin;C:\Program Files\Geth;D:\SFML-2.6.1-windows-gcc-13.1.0-mingw-64-bit\SFML-2.6.1\bin;C:\Program Files\CMake\bin;C:\WINDOWS\system32;C:\WINDOWS;C:\WINDOWS\System32\Wbem;C:\WINDOWS\System32\WindowsPowerShell\v1.0\;C:\WINDOWS\System32\OpenSSH\;C:\Program Files (x86)\Nmap;C:\xampp\php;C:\composer;C:\Program Files\Apache\maven\apache-maven-3.9.6\bin;C:\Program Files\Apache\maven\apache-maven-3.9.6\bin;C:\Users\user\AppData\Local\Programs\Microsoft VS Code\bin;C:\Users\user\AppData\Local\GitHubDesktop\bin;C:\Users\user\AppData\Local\JetBrains\Toolbox\scripts;;C:\Program Files\JetBrains\IntelliJ IDEA 2025.1.2\bin;;C:\Users\user\AppData\Local\Programs\Windsurf\bin;C:\Users\user\go\bin;C:\Users\user\.fly\bin;C:\Users\user\AppData\Local\Programs\Antigravity\bin;C:\Users\user\AppData\Roaming\npm;C:\Users\user\.dotnet\tools
USERNAME=user
LANG=en_US.UTF-8
OS=Windows_NT
PROCESSOR_IDENTIFIER=Intel64 Family 6 Model 154 Stepping 4, GenuineIntel
TMP=C:\Users\user\AppData\Local\Temp
TEMP=C:\Users\user\AppData\Local\Temp




Periodic native trim disabled

---------------  S Y S T E M  ---------------

OS:
 Windows 11 , 64 bit Build 26100 (10.0.26100.7623)
OS uptime: 2 days 9:00 hours
Hyper-V role detected

CPU: total 12 (initial active 12) (6 cores per cpu, 2 threads per core) family 6 model 154 stepping 4 microcode 0x42a, cx8, cmov, fxsr, ht, mmx, 3dnowpref, sse, sse2, sse3, ssse3, sse4.1, sse4.2, popcnt, lzcnt, tsc, tscinvbit, avx, avx2, aes, erms, clmul, bmi1, bmi2, adx, sha, fma, vzeroupper, clflush, clflushopt, clwb, hv, serialize, rdtscp, rdpid, fsrm, f16c, cet_ibt, cet_ss
Processor Information for processor 0
  Max Mhz: 1700, Current Mhz: 1700, Mhz Limit: 1700
Processor Information for processor 1
  Max Mhz: 1700, Current Mhz: 1700, Mhz Limit: 1700
Processor Information for processor 2
  Max Mhz: 1700, Current Mhz: 1700, Mhz Limit: 1700
Processor Information for processor 3
  Max Mhz: 1700, Current Mhz: 1700, Mhz Limit: 1700
Processor Information for processor 4
  Max Mhz: 1700, Current Mhz: 1200, Mhz Limit: 1190
Processor Information for processor 5
  Max Mhz: 1700, Current Mhz: 1200, Mhz Limit: 1190
Processor Information for processor 6
  Max Mhz: 1700, Current Mhz: 1200, Mhz Limit: 1190
Processor Information for processor 7
  Max Mhz: 1700, Current Mhz: 1200, Mhz Limit: 1190
Processor Information for processor 8
  Max Mhz: 1700, Current Mhz: 1200, Mhz Limit: 1190
Processor Information for processor 9
  Max Mhz: 1700, Current Mhz: 1200, Mhz Limit: 1190
Processor Information for processor 10
  Max Mhz: 1700, Current Mhz: 1200, Mhz Limit: 1190
Processor Information for processor 11
  Max Mhz: 1700, Current Mhz: 1200, Mhz Limit: 1190

Memory: 4k page, system-wide physical 16092M (1680M free)
TotalPageFile size 28380M (AvailPageFile size 17M)
current process WorkingSet (physical memory assigned to process): 132M, peak: 136M
current process commit charge ("private bytes"): 380M, peak: 385M

vm_info: Java HotSpot(TM) 64-Bit Server VM (21.0.4+8-LTS-274) for windows-amd64 JRE (21.0.4+8-LTS-274), built on 2024-06-05T05:23:33Z by "mach5one" with MS VC++ 17.6 (VS2022)

END.
