#
# There is insufficient memory for the Java Runtime Environment to continue.
# Native memory allocation (malloc) failed to allocate 928656 bytes. Error detail: Chunk::new
# Possible reasons:
#   The system is out of physical RAM or swap space
#   This process is running with CompressedOops enabled, and the Java Heap may be blocking the growth of the native heap
# Possible solutions:
#   Reduce memory load on the system
#   Increase physical memory or swap space
#   Check if swap backing store is full
#   Decrease Java heap size (-Xmx/-Xms)
#   Decrease number of Java threads
#   Decrease Java thread stack sizes (-Xss)
#   Set larger code cache with -XX:ReservedCodeCacheSize=
#   JVM is running with Unscaled Compressed Oops mode in which the Java heap is
#     placed in the first 4GB address space. The Java Heap base address is the
#     maximum limit for the native heap growth. Please use -XX:HeapBaseMinAddress
#     to set the Java Heap base and to place the Java Heap above 4GB virtual address.
# This output file may be truncated or incomplete.
#
#  Out of Memory Error (arena.cpp:168), pid=69180, tid=62484
#
# JRE version: OpenJDK Runtime Environment Temurin-21.0.9+10 (21.0.9+10) (build 21.0.9+10-LTS)
# Java VM: OpenJDK 64-Bit Server VM Temurin-21.0.9+10 (21.0.9+10-LTS, mixed mode, sharing, tiered, compressed oops, compressed class ptrs, parallel gc, windows-amd64)
# No core dump will be written. Minidumps are not enabled by default on client versions of Windows
#

---------------  S U M M A R Y ------------

Command Line: --add-modules=ALL-SYSTEM --add-opens=java.base/java.util=ALL-UNNAMED --add-opens=java.base/java.lang=ALL-UNNAMED --add-opens=java.base/sun.nio.fs=ALL-UNNAMED -Declipse.application=org.eclipse.jdt.ls.core.id1 -Dosgi.bundles.defaultStartLevel=4 -Declipse.product=org.eclipse.jdt.ls.core.product -Djava.import.generatesMetadataFilesAtProjectRoot=false -DDetectVMInstallationsJob.disabled=true -Dfile.encoding=utf8 -XX:+UseParallelGC -XX:GCTimeRatio=4 -XX:AdaptiveSizePolicyWeight=90 -Dsun.zip.disableMemoryMapping=true -Xmx2G -Xms100m -Xlog:disable -javaagent:c:\Users\user\.vscode\extensions\redhat.java-1.51.0-win32-x64\lombok\lombok-1.18.39-4050.jar -XX:+HeapDumpOnOutOfMemoryError -XX:HeapDumpPath=c:\Users\user\AppData\Roaming\Code\User\workspaceStorage\6dde7e9c3db3a1837f6dee7f38f75e7a\redhat.java -Daether.dependencyCollector.impl=bf c:\Users\user\.vscode\extensions\redhat.java-1.51.0-win32-x64\server\plugins\org.eclipse.equinox.launcher_1.7.100.v20251111-0406.jar -configuration c:\Users\user\AppData\Roaming\Code\User\globalStorage\redhat.java\1.51.0\config_win -data c:\Users\user\AppData\Roaming\Code\User\workspaceStorage\6dde7e9c3db3a1837f6dee7f38f75e7a\redhat.java\jdt_ws --pipe=\\.\pipe\lsp-51643571ea04094c6bbc13338d2a28fa-sock

Host: 12th Gen Intel(R) Core(TM) i7-1255U, 12 cores, 15G,  Windows 11 , 64 bit Build 26100 (10.0.26100.7623)
Time: Fri Jan 23 17:40:24 2026 South Africa Standard Time elapsed time: 39.063994 seconds (0d 0h 0m 39s)

---------------  T H R E A D  ---------------

Current thread (0x00000257fad1fd70):  JavaThread "C2 CompilerThread1" daemon [_thread_in_native, id=62484, stack(0x000000d15b500000,0x000000d15b600000) (1024K)]


Current CompileTask:
C2:39064 4242   !   4       org.eclipse.osgi.internal.loader.classpath.ClasspathManager::findClassImpl (328 bytes)

Stack: [0x000000d15b500000,0x000000d15b600000]
Native frames: (J=compiled Java code, j=interpreted, Vv=VM code, C=native code)
V  [jvm.dll+0x6d6e29]
V  [jvm.dll+0x8b4b76]
V  [jvm.dll+0x8b712e]
V  [jvm.dll+0x8b7813]
V  [jvm.dll+0x283d86]
V  [jvm.dll+0xc66ed]
V  [jvm.dll+0xc6c31]
V  [jvm.dll+0x2facee]
V  [jvm.dll+0x5fde44]
V  [jvm.dll+0x255557]
V  [jvm.dll+0x25591d]
V  [jvm.dll+0x24df40]
V  [jvm.dll+0x24b482]
V  [jvm.dll+0x1cb13e]
V  [jvm.dll+0x25b29d]
V  [jvm.dll+0x25982a]
V  [jvm.dll+0x3f7ea6]
V  [jvm.dll+0x85e9ad]
V  [jvm.dll+0x6d565d]
C  [ucrtbase.dll+0x37b0]
C  [KERNEL32.DLL+0x2e8d7]
C  [ntdll.dll+0x8c53c]


---------------  P R O C E S S  ---------------

Threads class SMR info:
_java_thread_list=0x00000257fba87e40, length=41, elements={
0x000002579bbd3330, 0x000002579bc773d0, 0x000002579bb7e170, 0x000002579bc79d00,
0x000002579bc7a950, 0x000002579bc84b70, 0x000002579bc8d790, 0x000002579bc8e6f0,
0x00000257f49dfef0, 0x00000257f4bc0af0, 0x00000257f4cffd20, 0x00000257fa9b1a00,
0x00000257fa76cb30, 0x00000257f49d04b0, 0x00000257f49dd3c0, 0x00000257f4b965e0,
0x00000257f4d79e90, 0x00000257fa31d930, 0x00000257fb500260, 0x00000257fb6d8a10,
0x00000257fb922fe0, 0x00000257fb920880, 0x00000257fad1fd70, 0x00000257fbb03640,
0x00000257fb9215a0, 0x00000257fb923670, 0x00000257fb922950, 0x00000257fb923d00,
0x00000257fb921c30, 0x00000257fb9222c0, 0x00000257fcc0ce70, 0x00000257fcc0c7e0,
0x00000257fcc0e220, 0x00000257fcc0c150, 0x00000257fcc0d500, 0x00000257fcc0db90,
0x00000257fcc0e8b0, 0x00000257fcc0ef40, 0x00000257fcc0bac0, 0x00000257fcc116a0,
0x00000257fcc10980
}

Java Threads: ( => current thread )
  0x000002579bbd3330 JavaThread "main"                              [_thread_in_Java, id=16732, stack(0x000000d159700000,0x000000d159800000) (1024K)]
  0x000002579bc773d0 JavaThread "Reference Handler"          daemon [_thread_blocked, id=69332, stack(0x000000d159b00000,0x000000d159c00000) (1024K)]
  0x000002579bb7e170 JavaThread "Finalizer"                  daemon [_thread_blocked, id=13684, stack(0x000000d159c00000,0x000000d159d00000) (1024K)]
  0x000002579bc79d00 JavaThread "Signal Dispatcher"          daemon [_thread_blocked, id=28668, stack(0x000000d159d00000,0x000000d159e00000) (1024K)]
  0x000002579bc7a950 JavaThread "Attach Listener"            daemon [_thread_blocked, id=29480, stack(0x000000d159e00000,0x000000d159f00000) (1024K)]
  0x000002579bc84b70 JavaThread "Service Thread"             daemon [_thread_blocked, id=57888, stack(0x000000d159f00000,0x000000d15a000000) (1024K)]
  0x000002579bc8d790 JavaThread "Monitor Deflation Thread"   daemon [_thread_blocked, id=51944, stack(0x000000d15a000000,0x000000d15a100000) (1024K)]
  0x000002579bc8e6f0 JavaThread "C2 CompilerThread0"         daemon [_thread_in_native, id=35036, stack(0x000000d15a100000,0x000000d15a200000) (1024K)]
  0x00000257f49dfef0 JavaThread "C1 CompilerThread0"         daemon [_thread_in_native, id=65424, stack(0x000000d15a200000,0x000000d15a300000) (1024K)]
  0x00000257f4bc0af0 JavaThread "Common-Cleaner"             daemon [_thread_blocked, id=69376, stack(0x000000d15a400000,0x000000d15a500000) (1024K)]
  0x00000257f4cffd20 JavaThread "Notification Thread"        daemon [_thread_blocked, id=70036, stack(0x000000d15a300000,0x000000d15a400000) (1024K)]
  0x00000257fa9b1a00 JavaThread "Active Thread: Equinox Container: 11fa2d23-6a13-4726-b278-657e9cfb4ccc"        [_thread_blocked, id=63284, stack(0x000000d15a500000,0x000000d15a600000) (1024K)]
  0x00000257fa76cb30 JavaThread "Refresh Thread: Equinox Container: 11fa2d23-6a13-4726-b278-657e9cfb4ccc" daemon [_thread_blocked, id=46360, stack(0x000000d15ad00000,0x000000d15ae00000) (1024K)]
  0x00000257f49d04b0 JavaThread "Framework Event Dispatcher: Equinox Container: 11fa2d23-6a13-4726-b278-657e9cfb4ccc" daemon [_thread_blocked, id=11204, stack(0x000000d15ae00000,0x000000d15af00000) (1024K)]
  0x00000257f49dd3c0 JavaThread "Start Level: Equinox Container: 11fa2d23-6a13-4726-b278-657e9cfb4ccc" daemon [_thread_blocked, id=36408, stack(0x000000d15af00000,0x000000d15b000000) (1024K)]
  0x00000257f4b965e0 JavaThread "Bundle File Closer"         daemon [_thread_blocked, id=66772, stack(0x000000d15b300000,0x000000d15b400000) (1024K)]
  0x00000257f4d79e90 JavaThread "SCR Component Actor"        daemon [_thread_blocked, id=70192, stack(0x000000d15b000000,0x000000d15b100000) (1024K)]
  0x00000257fa31d930 JavaThread "Worker-JM"                         [_thread_blocked, id=63888, stack(0x000000d15b600000,0x000000d15b700000) (1024K)]
  0x00000257fb500260 JavaThread "JNA Cleaner"                daemon [_thread_blocked, id=69812, stack(0x000000d15b400000,0x000000d15b500000) (1024K)]
  0x00000257fb6d8a10 JavaThread "Worker-0: Initialize After Load"        [_thread_in_vm, id=61380, stack(0x000000d15b700000,0x000000d15b800000) (1024K)]
  0x00000257fb922fe0 JavaThread "Worker-1"                          [_thread_blocked, id=47796, stack(0x000000d15b800000,0x000000d15b900000) (1024K)]
  0x00000257fb920880 JavaThread "Worker-2: Repository registry initialization"        [_thread_in_vm, id=67864, stack(0x000000d15b900000,0x000000d15ba00000) (1024K)]
=>0x00000257fad1fd70 JavaThread "C2 CompilerThread1"         daemon [_thread_in_native, id=62484, stack(0x000000d15b500000,0x000000d15b600000) (1024K)]
  0x00000257fbb03640 JavaThread "C2 CompilerThread2"         daemon [_thread_in_native, id=67880, stack(0x000000d15ba00000,0x000000d15bb00000) (1024K)]
  0x00000257fb9215a0 JavaThread "Java indexing"              daemon [_thread_blocked, id=70556, stack(0x000000d15bb00000,0x000000d15bc00000) (1024K)]
  0x00000257fb923670 JavaThread "Worker-3"                          [_thread_blocked, id=50424, stack(0x000000d15bf00000,0x000000d15c000000) (1024K)]
  0x00000257fb922950 JavaThread "Worker-4"                          [_thread_blocked, id=56168, stack(0x000000d15c000000,0x000000d15c100000) (1024K)]
  0x00000257fb923d00 JavaThread "Thread-1"                   daemon [_thread_in_native, id=64540, stack(0x000000d15c100000,0x000000d15c200000) (1024K)]
  0x00000257fb921c30 JavaThread "Thread-2"                   daemon [_thread_in_native, id=68176, stack(0x000000d15c200000,0x000000d15c300000) (1024K)]
  0x00000257fb9222c0 JavaThread "Thread-3"                   daemon [_thread_in_native, id=69624, stack(0x000000d15c300000,0x000000d15c400000) (1024K)]
  0x00000257fcc0ce70 JavaThread "Thread-4"                   daemon [_thread_in_native, id=68080, stack(0x000000d15c400000,0x000000d15c500000) (1024K)]
  0x00000257fcc0c7e0 JavaThread "Thread-5"                   daemon [_thread_in_native, id=69592, stack(0x000000d15c500000,0x000000d15c600000) (1024K)]
  0x00000257fcc0e220 JavaThread "Thread-6"                   daemon [_thread_in_native, id=68236, stack(0x000000d15c600000,0x000000d15c700000) (1024K)]
  0x00000257fcc0c150 JavaThread "Thread-7"                   daemon [_thread_in_native, id=61904, stack(0x000000d15c700000,0x000000d15c800000) (1024K)]
  0x00000257fcc0d500 JavaThread "Thread-8"                   daemon [_thread_in_native, id=68612, stack(0x000000d15c800000,0x000000d15c900000) (1024K)]
  0x00000257fcc0db90 JavaThread "Thread-9"                   daemon [_thread_in_native, id=69312, stack(0x000000d15c900000,0x000000d15ca00000) (1024K)]
  0x00000257fcc0e8b0 JavaThread "Thread-10"                  daemon [_thread_in_native, id=60068, stack(0x000000d15ca00000,0x000000d15cb00000) (1024K)]
  0x00000257fcc0ef40 JavaThread "Thread-11"                  daemon [_thread_in_native, id=69480, stack(0x000000d15cb00000,0x000000d15cc00000) (1024K)]
  0x00000257fcc0bac0 JavaThread "Thread-12"                  daemon [_thread_in_native, id=65236, stack(0x000000d15cc00000,0x000000d15cd00000) (1024K)]
  0x00000257fcc116a0 JavaThread "Thread-13"                  daemon [_thread_in_native, id=65340, stack(0x000000d15cd00000,0x000000d15ce00000) (1024K)]
  0x00000257fcc10980 JavaThread "pool-2-thread-1"                   [_thread_blocked, id=67496, stack(0x000000d15ce00000,0x000000d15cf00000) (1024K)]
Total: 41

Other Threads:
  0x000002579bb64960 VMThread "VM Thread"                           [id=38520, stack(0x000000d159a00000,0x000000d159b00000) (1024K)]
  0x000002579ba5ca00 WatcherThread "VM Periodic Task Thread"        [id=4680, stack(0x000000d159900000,0x000000d159a00000) (1024K)]
  0x000002579bbf1800 WorkerThread "GC Thread#0"                     [id=49444, stack(0x000000d159800000,0x000000d159900000) (1024K)]
  0x00000257fa4045a0 WorkerThread "GC Thread#1"                     [id=69232, stack(0x000000d15a600000,0x000000d15a700000) (1024K)]
  0x00000257fa548b60 WorkerThread "GC Thread#2"                     [id=68976, stack(0x000000d15a700000,0x000000d15a800000) (1024K)]
  0x00000257fa548f00 WorkerThread "GC Thread#3"                     [id=63472, stack(0x000000d15a800000,0x000000d15a900000) (1024K)]
  0x00000257fa5492a0 WorkerThread "GC Thread#4"                     [id=64564, stack(0x000000d15a900000,0x000000d15aa00000) (1024K)]
  0x00000257fa1728b0 WorkerThread "GC Thread#5"                     [id=66112, stack(0x000000d15aa00000,0x000000d15ab00000) (1024K)]
  0x00000257fa403df0 WorkerThread "GC Thread#6"                     [id=67120, stack(0x000000d15ab00000,0x000000d15ac00000) (1024K)]
  0x00000257fa785000 WorkerThread "GC Thread#7"                     [id=26840, stack(0x000000d15ac00000,0x000000d15ad00000) (1024K)]
  0x00000257f4ab8f00 WorkerThread "GC Thread#8"                     [id=68408, stack(0x000000d15b100000,0x000000d15b200000) (1024K)]
  0x00000257f4ab87c0 WorkerThread "GC Thread#9"                     [id=67044, stack(0x000000d15b200000,0x000000d15b300000) (1024K)]
Total: 12

Threads with active compile tasks:
C2 CompilerThread0  39165 4140       4       org.lombokweb.asm.ClassReader::readMethod (1070 bytes)
C1 CompilerThread0  39165 4844       2       java.util.Spliterators::checkFromToBounds (74 bytes)
C2 CompilerThread1  39166 4242   !   4       org.eclipse.osgi.internal.loader.classpath.ClasspathManager::findClassImpl (328 bytes)
C2 CompilerThread2  39166 4805       4       com.google.gson.stream.JsonReader::nextQuotedValue (296 bytes)
Total: 4

VM state: not at safepoint (normal execution)

VM Mutex/Monitor currently owned by a thread: None

Heap address: 0x0000000080000000, size: 2048 MB, Compressed Oops mode: 32-bit

CDS archive(s) mapped at: [0x00000257b3000000-0x00000257b3ba0000-0x00000257b3ba0000), size 12189696, SharedBaseAddress: 0x00000257b3000000, ArchiveRelocationMode: 1.
Compressed class space mapped at: 0x00000257b4000000-0x00000257f4000000, reserved size: 1073741824
Narrow klass base: 0x00000257b3000000, Narrow klass shift: 0, Narrow klass range: 0x100000000

GC Precious Log:
 CardTable entry size: 512
 CPUs: 12 total, 12 available
 Memory: 16092M
 Large Page Support: Disabled
 NUMA Support: Disabled
 Compressed Oops: Enabled (32-bit)
 Alignments: Space 512K, Generation 512K, Heap 2M
 Heap Min Capacity: 100M
 Heap Initial Capacity: 100M
 Heap Max Capacity: 2G
 Pre-touch: Disabled
 Parallel Workers: 10

Heap:
 PSYoungGen      total 24064K, used 20567K [0x00000000d5580000, 0x00000000d7100000, 0x0000000100000000)
  eden space 22016K, 93% used [0x00000000d5580000,0x00000000d6995e18,0x00000000d6b00000)
  from space 2048K, 0% used [0x00000000d6e00000,0x00000000d6e00000,0x00000000d7000000)
  to   space 1024K, 0% used [0x00000000d7000000,0x00000000d7000000,0x00000000d7100000)
 ParOldGen       total 68608K, used 19317K [0x0000000080000000, 0x0000000084300000, 0x00000000d5580000)
  object space 68608K, 28% used [0x0000000080000000,0x00000000812dd480,0x0000000084300000)
 Metaspace       used 36240K, committed 37504K, reserved 1114112K
  class space    used 3812K, committed 4352K, reserved 1048576K

Card table byte_map: [0x000002579b570000,0x000002579b980000] _byte_map_base: 0x000002579b170000

Marking Bits: (ParMarkBitMap*) 0x00007ffe3f7b2460
 Begin Bits: [0x00000257ae080000, 0x00000257b0080000)
 End Bits:   [0x00000257b0080000, 0x00000257b2080000)

Polling page: 0x0000025799a60000

Metaspace:

Usage:
  Non-class:     31.67 MB used.
      Class:      3.72 MB used.
       Both:     35.39 MB used.

Virtual space:
  Non-class space:       64.00 MB reserved,      32.38 MB ( 51%) committed,  1 nodes.
      Class space:        1.00 GB reserved,       4.25 MB ( <1%) committed,  1 nodes.
             Both:        1.06 GB reserved,      36.62 MB (  3%) committed. 

Chunk freelists:
   Non-Class:  15.23 MB
       Class:  11.57 MB
        Both:  26.80 MB

MaxMetaspaceSize: unlimited
CompressedClassSpaceSize: 1.00 GB
Initial GC threshold: 21.00 MB
Current GC threshold: 58.38 MB
CDS: on
 - commit_granule_bytes: 65536.
 - commit_granule_words: 8192.
 - virtual_space_node_default_size: 8388608.
 - enlarge_chunks_in_place: 1.
 - use_allocation_guard: 0.


Internal statistics:

num_allocs_failed_limit: 6.
num_arena_births: 892.
num_arena_deaths: 14.
num_vsnodes_births: 2.
num_vsnodes_deaths: 0.
num_space_committed: 586.
num_space_uncommitted: 0.
num_chunks_returned_to_freelist: 20.
num_chunks_taken_from_freelist: 2520.
num_chunk_merges: 8.
num_chunk_splits: 1535.
num_chunks_enlarged: 850.
num_inconsistent_stats: 0.

CodeHeap 'non-profiled nmethods': size=120000Kb used=1774Kb max_used=2124Kb free=118225Kb
 bounds [0x00000257a68a0000, 0x00000257a6b10000, 0x00000257addd0000]
CodeHeap 'profiled nmethods': size=120000Kb used=8468Kb max_used=9686Kb free=111531Kb
 bounds [0x000002579edd0000, 0x000002579f750000, 0x00000257a6300000]
CodeHeap 'non-nmethods': size=5760Kb used=1359Kb max_used=1385Kb free=4401Kb
 bounds [0x00000257a6300000, 0x00000257a6570000, 0x00000257a68a0000]
CodeCache: size=245760Kb, used=11601Kb, max_used=13195Kb, free=234157Kb
 total_blobs=4842, nmethods=4190, adapters=558, full_count=0
Compilation: enabled, stopped_count=0, restarted_count=0

Compilation events (20 events):
Event: 39.020 Thread 0x00000257f49dfef0 4733       2       com.sun.org.apache.xerces.internal.dom.NodeImpl::ownerDocument (23 bytes)
Event: 39.022 Thread 0x00000257f49dfef0 nmethod 4733 0x000002579ee6aa10 code [0x000002579ee6abc0, 0x000002579ee6ad80]
Event: 39.033 Thread 0x00000257f49dfef0 4734 %     3       org.codehaus.plexus.util.xml.pull.MXParser::parseEndTag @ 67 (438 bytes)
Event: 39.039 Thread 0x00000257f49dfef0 nmethod 4734% 0x000002579ee85490 code [0x000002579ee85a80, 0x000002579ee880c0]
Event: 39.041 Thread 0x00000257f49dfef0 4735       2       org.eclipse.sisu.space.URLClassSpace::deferLoadClass (10 bytes)
Event: 39.041 Thread 0x00000257f49dfef0 nmethod 4735 0x000002579f12a990 code [0x000002579f12ab20, 0x000002579f12acb0]
Event: 39.041 Thread 0x00000257f49dfef0 4738       2       java.util.ArrayList$Itr::<init> (26 bytes)
Event: 39.042 Thread 0x00000257f49dfef0 nmethod 4738 0x000002579f142010 code [0x000002579f1421a0, 0x000002579f1422d8]
Event: 39.042 Thread 0x00000257f49dfef0 4736       2       org.eclipse.sisu.space.NamedClass::<init> (15 bytes)
Event: 39.042 Thread 0x00000257f49dfef0 nmethod 4736 0x000002579f154c10 code [0x000002579f154da0, 0x000002579f154ed0]
Event: 39.042 Thread 0x00000257f49dfef0 4737       2       java.io.File::isFile (34 bytes)
Event: 39.043 Thread 0x00000257f49dfef0 nmethod 4737 0x000002579ee81a90 code [0x000002579ee81c40, 0x000002579ee81de8]
Event: 39.048 Thread 0x00000257f49dfef0 4741       3       org.codehaus.plexus.util.xml.pull.MXParser::isNameStartChar (56 bytes)
Event: 39.049 Thread 0x00000257f49dfef0 nmethod 4741 0x000002579ef61f90 code [0x000002579ef62140, 0x000002579ef623c0]
Event: 39.050 Thread 0x00000257f49dfef0 4742       2       com.google.gson.stream.JsonReader::nextNonWhitespace (357 bytes)
Event: 39.053 Thread 0x00000257f49dfef0 nmethod 4742 0x000002579ee5d190 code [0x000002579ee5d440, 0x000002579ee5ddf0]
Event: 39.053 Thread 0x00000257f49dfef0 4743       2       com.google.gson.stream.JsonReader::nextQuotedValue (296 bytes)
Event: 39.055 Thread 0x00000257f49dfef0 nmethod 4743 0x000002579edf0c90 code [0x000002579edf0f00, 0x000002579edf16d8]
Event: 39.055 Thread 0x00000257f49dfef0 4744       2       com.google.gson.stream.JsonReader::doPeek (785 bytes)
Event: 39.059 Thread 0x00000257f49dfef0 nmethod 4744 0x000002579edf4390 code [0x000002579edf4780, 0x000002579edf5520]

GC Heap History (20 events):
Event: 35.213 GC heap before
{Heap before GC invocations=6 (full 0):
 PSYoungGen      total 29184K, used 29165K [0x00000000d5580000, 0x00000000d7a00000, 0x0000000100000000)
  eden space 25088K, 100% used [0x00000000d5580000,0x00000000d6e00000,0x00000000d6e00000)
  from space 4096K, 99% used [0x00000000d6e80000,0x00000000d727b618,0x00000000d7280000)
  to   space 6144K, 0% used [0x00000000d7400000,0x00000000d7400000,0x00000000d7a00000)
 ParOldGen       total 68608K, used 8361K [0x0000000080000000, 0x0000000084300000, 0x00000000d5580000)
  object space 68608K, 12% used [0x0000000080000000,0x000000008082a788,0x0000000084300000)
 Metaspace       used 18568K, committed 19392K, reserved 1114112K
  class space    used 1945K, committed 2304K, reserved 1048576K
}
Event: 35.223 GC heap after
{Heap after GC invocations=6 (full 0):
 PSYoungGen      total 30720K, used 6048K [0x00000000d5580000, 0x00000000d7a00000, 0x0000000100000000)
  eden space 24576K, 0% used [0x00000000d5580000,0x00000000d5580000,0x00000000d6d80000)
  from space 6144K, 98% used [0x00000000d7400000,0x00000000d79e81e8,0x00000000d7a00000)
  to   space 6144K, 0% used [0x00000000d6e00000,0x00000000d6e00000,0x00000000d7400000)
 ParOldGen       total 68608K, used 8369K [0x0000000080000000, 0x0000000084300000, 0x00000000d5580000)
  object space 68608K, 12% used [0x0000000080000000,0x000000008082c788,0x0000000084300000)
 Metaspace       used 18568K, committed 19392K, reserved 1114112K
  class space    used 1945K, committed 2304K, reserved 1048576K
}
Event: 35.785 GC heap before
{Heap before GC invocations=7 (full 0):
 PSYoungGen      total 30720K, used 27567K [0x00000000d5580000, 0x00000000d7a00000, 0x0000000100000000)
  eden space 24576K, 87% used [0x00000000d5580000,0x00000000d6a83cd8,0x00000000d6d80000)
  from space 6144K, 98% used [0x00000000d7400000,0x00000000d79e81e8,0x00000000d7a00000)
  to   space 6144K, 0% used [0x00000000d6e00000,0x00000000d6e00000,0x00000000d7400000)
 ParOldGen       total 68608K, used 8369K [0x0000000080000000, 0x0000000084300000, 0x00000000d5580000)
  object space 68608K, 12% used [0x0000000080000000,0x000000008082c788,0x0000000084300000)
 Metaspace       used 20641K, committed 21504K, reserved 1114112K
  class space    used 2198K, committed 2560K, reserved 1048576K
}
Event: 35.793 GC heap after
{Heap after GC invocations=7 (full 0):
 PSYoungGen      total 30208K, used 5400K [0x00000000d5580000, 0x00000000d7980000, 0x0000000100000000)
  eden space 24576K, 0% used [0x00000000d5580000,0x00000000d5580000,0x00000000d6d80000)
  from space 5632K, 95% used [0x00000000d6e00000,0x00000000d7346248,0x00000000d7380000)
  to   space 6144K, 0% used [0x00000000d7380000,0x00000000d7380000,0x00000000d7980000)
 ParOldGen       total 68608K, used 9881K [0x0000000080000000, 0x0000000084300000, 0x00000000d5580000)
  object space 68608K, 14% used [0x0000000080000000,0x00000000809a6720,0x0000000084300000)
 Metaspace       used 20641K, committed 21504K, reserved 1114112K
  class space    used 2198K, committed 2560K, reserved 1048576K
}
Event: 35.793 GC heap before
{Heap before GC invocations=8 (full 1):
 PSYoungGen      total 30208K, used 5400K [0x00000000d5580000, 0x00000000d7980000, 0x0000000100000000)
  eden space 24576K, 0% used [0x00000000d5580000,0x00000000d5580000,0x00000000d6d80000)
  from space 5632K, 95% used [0x00000000d6e00000,0x00000000d7346248,0x00000000d7380000)
  to   space 6144K, 0% used [0x00000000d7380000,0x00000000d7380000,0x00000000d7980000)
 ParOldGen       total 68608K, used 9881K [0x0000000080000000, 0x0000000084300000, 0x00000000d5580000)
  object space 68608K, 14% used [0x0000000080000000,0x00000000809a6720,0x0000000084300000)
 Metaspace       used 20641K, committed 21504K, reserved 1114112K
  class space    used 2198K, committed 2560K, reserved 1048576K
}
Event: 35.867 GC heap after
{Heap after GC invocations=8 (full 1):
 PSYoungGen      total 30208K, used 0K [0x00000000d5580000, 0x00000000d7980000, 0x0000000100000000)
  eden space 24576K, 0% used [0x00000000d5580000,0x00000000d5580000,0x00000000d6d80000)
  from space 5632K, 0% used [0x00000000d6e00000,0x00000000d6e00000,0x00000000d7380000)
  to   space 6144K, 0% used [0x00000000d7380000,0x00000000d7380000,0x00000000d7980000)
 ParOldGen       total 68608K, used 13600K [0x0000000080000000, 0x0000000084300000, 0x00000000d5580000)
  object space 68608K, 19% used [0x0000000080000000,0x0000000080d48220,0x0000000084300000)
 Metaspace       used 20628K, committed 21504K, reserved 1114112K
  class space    used 2194K, committed 2560K, reserved 1048576K
}
Event: 36.414 GC heap before
{Heap before GC invocations=9 (full 1):
 PSYoungGen      total 30208K, used 24576K [0x00000000d5580000, 0x00000000d7980000, 0x0000000100000000)
  eden space 24576K, 100% used [0x00000000d5580000,0x00000000d6d80000,0x00000000d6d80000)
  from space 5632K, 0% used [0x00000000d6e00000,0x00000000d6e00000,0x00000000d7380000)
  to   space 6144K, 0% used [0x00000000d7380000,0x00000000d7380000,0x00000000d7980000)
 ParOldGen       total 68608K, used 13600K [0x0000000080000000, 0x0000000084300000, 0x00000000d5580000)
  object space 68608K, 19% used [0x0000000080000000,0x0000000080d48220,0x0000000084300000)
 Metaspace       used 22658K, committed 23680K, reserved 1114112K
  class space    used 2379K, committed 2816K, reserved 1048576K
}
Event: 36.420 GC heap after
{Heap after GC invocations=9 (full 1):
 PSYoungGen      total 27136K, used 3036K [0x00000000d5580000, 0x00000000d7680000, 0x0000000100000000)
  eden space 24064K, 0% used [0x00000000d5580000,0x00000000d5580000,0x00000000d6d00000)
  from space 3072K, 98% used [0x00000000d7380000,0x00000000d7677088,0x00000000d7680000)
  to   space 4096K, 0% used [0x00000000d6e80000,0x00000000d6e80000,0x00000000d7280000)
 ParOldGen       total 68608K, used 13608K [0x0000000080000000, 0x0000000084300000, 0x00000000d5580000)
  object space 68608K, 19% used [0x0000000080000000,0x0000000080d4a220,0x0000000084300000)
 Metaspace       used 22658K, committed 23680K, reserved 1114112K
  class space    used 2379K, committed 2816K, reserved 1048576K
}
Event: 36.954 GC heap before
{Heap before GC invocations=10 (full 1):
 PSYoungGen      total 27136K, used 27100K [0x00000000d5580000, 0x00000000d7680000, 0x0000000100000000)
  eden space 24064K, 100% used [0x00000000d5580000,0x00000000d6d00000,0x00000000d6d00000)
  from space 3072K, 98% used [0x00000000d7380000,0x00000000d7677088,0x00000000d7680000)
  to   space 4096K, 0% used [0x00000000d6e80000,0x00000000d6e80000,0x00000000d7280000)
 ParOldGen       total 68608K, used 13608K [0x0000000080000000, 0x0000000084300000, 0x00000000d5580000)
  object space 68608K, 19% used [0x0000000080000000,0x0000000080d4a220,0x0000000084300000)
 Metaspace       used 25977K, committed 27008K, reserved 1114112K
  class space    used 2624K, committed 3072K, reserved 1048576K
}
Event: 36.958 GC heap after
{Heap after GC invocations=10 (full 1):
 PSYoungGen      total 27648K, used 3746K [0x00000000d5580000, 0x00000000d7480000, 0x0000000100000000)
  eden space 23552K, 0% used [0x00000000d5580000,0x00000000d5580000,0x00000000d6c80000)
  from space 4096K, 91% used [0x00000000d6e80000,0x00000000d7228970,0x00000000d7280000)
  to   space 2048K, 0% used [0x00000000d7280000,0x00000000d7280000,0x00000000d7480000)
 ParOldGen       total 68608K, used 13616K [0x0000000080000000, 0x0000000084300000, 0x00000000d5580000)
  object space 68608K, 19% used [0x0000000080000000,0x0000000080d4c220,0x0000000084300000)
 Metaspace       used 25977K, committed 27008K, reserved 1114112K
  class space    used 2624K, committed 3072K, reserved 1048576K
}
Event: 37.463 GC heap before
{Heap before GC invocations=11 (full 1):
 PSYoungGen      total 27648K, used 27298K [0x00000000d5580000, 0x00000000d7480000, 0x0000000100000000)
  eden space 23552K, 100% used [0x00000000d5580000,0x00000000d6c80000,0x00000000d6c80000)
  from space 4096K, 91% used [0x00000000d6e80000,0x00000000d7228970,0x00000000d7280000)
  to   space 2048K, 0% used [0x00000000d7280000,0x00000000d7280000,0x00000000d7480000)
 ParOldGen       total 68608K, used 13616K [0x0000000080000000, 0x0000000084300000, 0x00000000d5580000)
  object space 68608K, 19% used [0x0000000080000000,0x0000000080d4c220,0x0000000084300000)
 Metaspace       used 27865K, committed 28864K, reserved 1114112K
  class space    used 2765K, committed 3200K, reserved 1048576K
}
Event: 37.467 GC heap after
{Heap after GC invocations=11 (full 1):
 PSYoungGen      total 25088K, used 2033K [0x00000000d5580000, 0x00000000d7480000, 0x0000000100000000)
  eden space 23040K, 0% used [0x00000000d5580000,0x00000000d5580000,0x00000000d6c00000)
  from space 2048K, 99% used [0x00000000d7280000,0x00000000d747c4b8,0x00000000d7480000)
  to   space 4096K, 0% used [0x00000000d6c80000,0x00000000d6c80000,0x00000000d7080000)
 ParOldGen       total 68608K, used 15585K [0x0000000080000000, 0x0000000084300000, 0x00000000d5580000)
  object space 68608K, 22% used [0x0000000080000000,0x0000000080f385d8,0x0000000084300000)
 Metaspace       used 27865K, committed 28864K, reserved 1114112K
  class space    used 2765K, committed 3200K, reserved 1048576K
}
Event: 37.988 GC heap before
{Heap before GC invocations=12 (full 1):
 PSYoungGen      total 25088K, used 25073K [0x00000000d5580000, 0x00000000d7480000, 0x0000000100000000)
  eden space 23040K, 100% used [0x00000000d5580000,0x00000000d6c00000,0x00000000d6c00000)
  from space 2048K, 99% used [0x00000000d7280000,0x00000000d747c4b8,0x00000000d7480000)
  to   space 4096K, 0% used [0x00000000d6c80000,0x00000000d6c80000,0x00000000d7080000)
 ParOldGen       total 68608K, used 15585K [0x0000000080000000, 0x0000000084300000, 0x00000000d5580000)
  object space 68608K, 22% used [0x0000000080000000,0x0000000080f385d8,0x0000000084300000)
 Metaspace       used 31323K, committed 32448K, reserved 1114112K
  class space    used 3154K, committed 3648K, reserved 1048576K
}
Event: 37.993 GC heap after
{Heap after GC invocations=12 (full 1):
 PSYoungGen      total 26624K, used 1683K [0x00000000d5580000, 0x00000000d7300000, 0x0000000100000000)
  eden space 22528K, 0% used [0x00000000d5580000,0x00000000d5580000,0x00000000d6b80000)
  from space 4096K, 41% used [0x00000000d6c80000,0x00000000d6e24ea8,0x00000000d7080000)
  to   space 2560K, 0% used [0x00000000d7080000,0x00000000d7080000,0x00000000d7300000)
 ParOldGen       total 68608K, used 17335K [0x0000000080000000, 0x0000000084300000, 0x00000000d5580000)
  object space 68608K, 25% used [0x0000000080000000,0x00000000810edea8,0x0000000084300000)
 Metaspace       used 31323K, committed 32448K, reserved 1114112K
  class space    used 3154K, committed 3648K, reserved 1048576K
}
Event: 38.558 GC heap before
{Heap before GC invocations=13 (full 1):
 PSYoungGen      total 26624K, used 24183K [0x00000000d5580000, 0x00000000d7300000, 0x0000000100000000)
  eden space 22528K, 99% used [0x00000000d5580000,0x00000000d6b78ef8,0x00000000d6b80000)
  from space 4096K, 41% used [0x00000000d6c80000,0x00000000d6e24ea8,0x00000000d7080000)
  to   space 2560K, 0% used [0x00000000d7080000,0x00000000d7080000,0x00000000d7300000)
 ParOldGen       total 68608K, used 17335K [0x0000000080000000, 0x0000000084300000, 0x00000000d5580000)
  object space 68608K, 25% used [0x0000000080000000,0x00000000810edea8,0x0000000084300000)
 Metaspace       used 33927K, committed 35072K, reserved 1114112K
  class space    used 3504K, committed 3968K, reserved 1048576K
}
Event: 38.563 GC heap after
{Heap after GC invocations=13 (full 1):
 PSYoungGen      total 23552K, used 1469K [0x00000000d5580000, 0x00000000d7200000, 0x0000000100000000)
  eden space 22016K, 0% used [0x00000000d5580000,0x00000000d5580000,0x00000000d6b00000)
  from space 1536K, 95% used [0x00000000d7080000,0x00000000d71ef4e0,0x00000000d7200000)
  to   space 2048K, 0% used [0x00000000d6e00000,0x00000000d6e00000,0x00000000d7000000)
 ParOldGen       total 68608K, used 18789K [0x0000000080000000, 0x0000000084300000, 0x00000000d5580000)
  object space 68608K, 27% used [0x0000000080000000,0x00000000812594c8,0x0000000084300000)
 Metaspace       used 33927K, committed 35072K, reserved 1114112K
  class space    used 3504K, committed 3968K, reserved 1048576K
}
Event: 38.732 GC heap before
{Heap before GC invocations=14 (full 1):
 PSYoungGen      total 23552K, used 8558K [0x00000000d5580000, 0x00000000d7200000, 0x0000000100000000)
  eden space 22016K, 32% used [0x00000000d5580000,0x00000000d5c6c4d0,0x00000000d6b00000)
  from space 1536K, 95% used [0x00000000d7080000,0x00000000d71ef4e0,0x00000000d7200000)
  to   space 2048K, 0% used [0x00000000d6e00000,0x00000000d6e00000,0x00000000d7000000)
 ParOldGen       total 68608K, used 18789K [0x0000000080000000, 0x0000000084300000, 0x00000000d5580000)
  object space 68608K, 27% used [0x0000000080000000,0x00000000812594c8,0x0000000084300000)
 Metaspace       used 34678K, committed 35840K, reserved 1114112K
  class space    used 3590K, committed 4032K, reserved 1048576K
}
Event: 38.735 GC heap after
{Heap after GC invocations=14 (full 1):
 PSYoungGen      total 24064K, used 696K [0x00000000d5580000, 0x00000000d7100000, 0x0000000100000000)
  eden space 22016K, 0% used [0x00000000d5580000,0x00000000d5580000,0x00000000d6b00000)
  from space 2048K, 34% used [0x00000000d6e00000,0x00000000d6eae318,0x00000000d7000000)
  to   space 1024K, 0% used [0x00000000d7000000,0x00000000d7000000,0x00000000d7100000)
 ParOldGen       total 68608K, used 19993K [0x0000000080000000, 0x0000000084300000, 0x00000000d5580000)
  object space 68608K, 29% used [0x0000000080000000,0x0000000081386640,0x0000000084300000)
 Metaspace       used 34678K, committed 35840K, reserved 1114112K
  class space    used 3590K, committed 4032K, reserved 1048576K
}
Event: 38.735 GC heap before
{Heap before GC invocations=15 (full 2):
 PSYoungGen      total 24064K, used 696K [0x00000000d5580000, 0x00000000d7100000, 0x0000000100000000)
  eden space 22016K, 0% used [0x00000000d5580000,0x00000000d5580000,0x00000000d6b00000)
  from space 2048K, 34% used [0x00000000d6e00000,0x00000000d6eae318,0x00000000d7000000)
  to   space 1024K, 0% used [0x00000000d7000000,0x00000000d7000000,0x00000000d7100000)
 ParOldGen       total 68608K, used 19993K [0x0000000080000000, 0x0000000084300000, 0x00000000d5580000)
  object space 68608K, 29% used [0x0000000080000000,0x0000000081386640,0x0000000084300000)
 Metaspace       used 34678K, committed 35840K, reserved 1114112K
  class space    used 3590K, committed 4032K, reserved 1048576K
}
Event: 38.801 GC heap after
{Heap after GC invocations=15 (full 2):
 PSYoungGen      total 24064K, used 0K [0x00000000d5580000, 0x00000000d7100000, 0x0000000100000000)
  eden space 22016K, 0% used [0x00000000d5580000,0x00000000d5580000,0x00000000d6b00000)
  from space 2048K, 0% used [0x00000000d6e00000,0x00000000d6e00000,0x00000000d7000000)
  to   space 1024K, 0% used [0x00000000d7000000,0x00000000d7000000,0x00000000d7100000)
 ParOldGen       total 68608K, used 19317K [0x0000000080000000, 0x0000000084300000, 0x00000000d5580000)
  object space 68608K, 28% used [0x0000000080000000,0x00000000812dd480,0x0000000084300000)
 Metaspace       used 34678K, committed 35840K, reserved 1114112K
  class space    used 3590K, committed 4032K, reserved 1048576K
}

Dll operation events (10 events):
Event: 0.029 Loaded shared library c:\Users\user\.vscode\extensions\redhat.java-1.51.0-win32-x64\jre\21.0.9-win32-x86_64\bin\java.dll
Event: 0.192 Loaded shared library c:\Users\user\.vscode\extensions\redhat.java-1.51.0-win32-x64\jre\21.0.9-win32-x86_64\bin\zip.dll
Event: 0.240 Loaded shared library C:\Users\user\.vscode\extensions\redhat.java-1.51.0-win32-x64\jre\21.0.9-win32-x86_64\bin\instrument.dll
Event: 0.256 Loaded shared library C:\Users\user\.vscode\extensions\redhat.java-1.51.0-win32-x64\jre\21.0.9-win32-x86_64\bin\net.dll
Event: 0.264 Loaded shared library C:\Users\user\.vscode\extensions\redhat.java-1.51.0-win32-x64\jre\21.0.9-win32-x86_64\bin\nio.dll
Event: 0.274 Loaded shared library C:\Users\user\.vscode\extensions\redhat.java-1.51.0-win32-x64\jre\21.0.9-win32-x86_64\bin\zip.dll
Event: 0.324 Loaded shared library C:\Users\user\.vscode\extensions\redhat.java-1.51.0-win32-x64\jre\21.0.9-win32-x86_64\bin\jimage.dll
Event: 0.537 Loaded shared library c:\Users\user\.vscode\extensions\redhat.java-1.51.0-win32-x64\jre\21.0.9-win32-x86_64\bin\verify.dll
Event: 11.359 Loaded shared library C:\Users\user\AppData\Roaming\Code\User\globalStorage\redhat.java\1.51.0\config_win\org.eclipse.equinox.launcher\org.eclipse.equinox.launcher.win32.win32.x86_64_1.2.1400.v20250801-0854\eclipse_11916.dll
Event: 34.654 Loaded shared library C:\Users\user\AppData\Local\Temp\jna-3599307\jna18282670689851570616.dll

Deoptimization events (20 events):
Event: 38.727 Thread 0x00000257fb6d8a10 DEOPT PACKING pc=0x00000257a69a5a18 sp=0x000000d15b7fe910
Event: 38.727 Thread 0x00000257fb6d8a10 DEOPT UNPACKING pc=0x00000257a6353aa2 sp=0x000000d15b7fe8a0 mode 2
Event: 38.731 Thread 0x00000257fb6d8a10 Uncommon trap: trap_request=0xffffffc6 fr.pc=0x00000257a69a5a18 relative=0x0000000000000f38
Event: 38.731 Thread 0x00000257fb6d8a10 Uncommon trap: reason=bimorphic_or_optimized_type_check action=maybe_recompile pc=0x00000257a69a5a18 method=java.util.Properties$LineReader.readLine()I @ 479 c2
Event: 38.731 Thread 0x00000257fb6d8a10 DEOPT PACKING pc=0x00000257a69a5a18 sp=0x000000d15b7fe910
Event: 38.731 Thread 0x00000257fb6d8a10 DEOPT UNPACKING pc=0x00000257a6353aa2 sp=0x000000d15b7fe8a0 mode 2
Event: 38.802 Thread 0x00000257fb6d8a10 Uncommon trap: trap_request=0xffffffc6 fr.pc=0x00000257a69a5a18 relative=0x0000000000000f38
Event: 38.802 Thread 0x00000257fb6d8a10 Uncommon trap: reason=bimorphic_or_optimized_type_check action=maybe_recompile pc=0x00000257a69a5a18 method=java.util.Properties$LineReader.readLine()I @ 479 c2
Event: 38.802 Thread 0x00000257fb6d8a10 DEOPT PACKING pc=0x00000257a69a5a18 sp=0x000000d15b7fe910
Event: 38.802 Thread 0x00000257fb6d8a10 DEOPT UNPACKING pc=0x00000257a6353aa2 sp=0x000000d15b7fe8a0 mode 2
Event: 38.816 Thread 0x00000257fb920880 Uncommon trap: trap_request=0xffffff45 fr.pc=0x00000257a69d55b0 relative=0x0000000000000110
Event: 38.817 Thread 0x00000257fb920880 Uncommon trap: reason=unstable_if action=reinterpret pc=0x00000257a69d55b0 method=java.util.ArrayList.indexOfRange(Ljava/lang/Object;II)I @ 7 c2
Event: 38.817 Thread 0x00000257fb920880 DEOPT PACKING pc=0x00000257a69d55b0 sp=0x000000d15b9fe730
Event: 38.817 Thread 0x00000257fb920880 DEOPT UNPACKING pc=0x00000257a6353aa2 sp=0x000000d15b9fe6b0 mode 2
Event: 38.817 Thread 0x00000257fb6d8a10 DEOPT PACKING pc=0x000002579ee907ee sp=0x000000d15b7fe820
Event: 38.817 Thread 0x00000257fb6d8a10 DEOPT UNPACKING pc=0x00000257a6354242 sp=0x000000d15b7fdda8 mode 0
Event: 38.822 Thread 0x00000257fb6d8a10 DEOPT PACKING pc=0x000002579ee5b886 sp=0x000000d15b7fe8b0
Event: 38.822 Thread 0x00000257fb6d8a10 DEOPT UNPACKING pc=0x00000257a6354242 sp=0x000000d15b7fdda8 mode 0
Event: 38.851 Thread 0x00000257fb6d8a10 DEOPT PACKING pc=0x000002579ee5b886 sp=0x000000d15b7fde60
Event: 38.851 Thread 0x00000257fb6d8a10 DEOPT UNPACKING pc=0x00000257a6354242 sp=0x000000d15b7fd358 mode 0

Classes loaded (20 events):
Event: 38.909 Loading class sun/reflect/generics/repository/ConstructorRepository done
Event: 38.909 Loading class sun/reflect/generics/repository/MethodRepository done
Event: 38.909 Loading class sun/reflect/generics/tree/MethodTypeSignature
Event: 38.910 Loading class sun/reflect/generics/tree/MethodTypeSignature done
Event: 38.912 Loading class sun/reflect/generics/reflectiveObjects/ParameterizedTypeImpl
Event: 38.913 Loading class sun/reflect/generics/reflectiveObjects/ParameterizedTypeImpl done
Event: 38.915 Loading class sun/reflect/generics/reflectiveObjects/TypeVariableImpl
Event: 38.916 Loading class sun/reflect/generics/reflectiveObjects/LazyReflectiveObjectGenerator
Event: 38.916 Loading class sun/reflect/generics/reflectiveObjects/LazyReflectiveObjectGenerator done
Event: 38.916 Loading class sun/reflect/generics/reflectiveObjects/TypeVariableImpl done
Event: 38.925 Loading class java/util/concurrent/atomic/AtomicLongArray
Event: 38.926 Loading class java/util/concurrent/atomic/AtomicLongArray done
Event: 38.952 Loading class sun/nio/fs/WindowsException
Event: 38.953 Loading class sun/nio/fs/WindowsException done
Event: 38.972 Loading class jdk/internal/vm/annotation/IntrinsicCandidate
Event: 38.972 Loading class jdk/internal/vm/annotation/IntrinsicCandidate done
Event: 38.998 Loading class sun/net/www/protocol/https/Handler
Event: 38.999 Loading class sun/net/www/protocol/http/Handler
Event: 38.999 Loading class sun/net/www/protocol/http/Handler done
Event: 38.999 Loading class sun/net/www/protocol/https/Handler done

Classes unloaded (7 events):
Event: 35.804 Thread 0x000002579bb64960 Unloading class 0x00000257b41a5000 'java/lang/invoke/LambdaForm$MH+0x00000257b41a5000'
Event: 35.804 Thread 0x000002579bb64960 Unloading class 0x00000257b41a4c00 'java/lang/invoke/LambdaForm$MH+0x00000257b41a4c00'
Event: 35.804 Thread 0x000002579bb64960 Unloading class 0x00000257b41a4800 'java/lang/invoke/LambdaForm$MH+0x00000257b41a4800'
Event: 35.804 Thread 0x000002579bb64960 Unloading class 0x00000257b41a4400 'java/lang/invoke/LambdaForm$MH+0x00000257b41a4400'
Event: 35.804 Thread 0x000002579bb64960 Unloading class 0x00000257b41a4000 'java/lang/invoke/LambdaForm$BMH+0x00000257b41a4000'
Event: 35.804 Thread 0x000002579bb64960 Unloading class 0x00000257b41a3c00 'java/lang/invoke/LambdaForm$DMH+0x00000257b41a3c00'
Event: 35.804 Thread 0x000002579bb64960 Unloading class 0x00000257b41a2800 'java/lang/invoke/LambdaForm$DMH+0x00000257b41a2800'

Classes redefined (0 events):
No events

Internal exceptions (20 events):
Event: 38.981 Thread 0x00000257fb6d8a10 Exception <a 'sun/nio/fs/WindowsException'{0x00000000d5f2c648}> (0x00000000d5f2c648) 
thrown [s\src\hotspot\share\prims\jni.cpp, line 520]
Event: 39.003 Thread 0x00000257fb6d8a10 Exception <a 'sun/nio/fs/WindowsException'{0x00000000d60a3ef0}> (0x00000000d60a3ef0) 
thrown [s\src\hotspot\share\prims\jni.cpp, line 520]
Event: 39.003 Thread 0x00000257fb6d8a10 Exception <a 'sun/nio/fs/WindowsException'{0x00000000d60a49f0}> (0x00000000d60a49f0) 
thrown [s\src\hotspot\share\prims\jni.cpp, line 520]
Event: 39.021 Thread 0x00000257fb6d8a10 Exception <a 'sun/nio/fs/WindowsException'{0x00000000d60a60e0}> (0x00000000d60a60e0) 
thrown [s\src\hotspot\share\prims\jni.cpp, line 520]
Event: 39.021 Thread 0x00000257fb6d8a10 Exception <a 'sun/nio/fs/WindowsException'{0x00000000d60a6710}> (0x00000000d60a6710) 
thrown [s\src\hotspot\share\prims\jni.cpp, line 520]
Event: 39.022 Thread 0x00000257fb6d8a10 Exception <a 'sun/nio/fs/WindowsException'{0x00000000d60a7030}> (0x00000000d60a7030) 
thrown [s\src\hotspot\share\prims\jni.cpp, line 520]
Event: 39.022 Thread 0x00000257fb6d8a10 Exception <a 'sun/nio/fs/WindowsException'{0x00000000d60a7910}> (0x00000000d60a7910) 
thrown [s\src\hotspot\share\prims\jni.cpp, line 520]
Event: 39.023 Thread 0x00000257fb6d8a10 Exception <a 'sun/nio/fs/WindowsException'{0x00000000d60a8540}> (0x00000000d60a8540) 
thrown [s\src\hotspot\share\prims\jni.cpp, line 520]
Event: 39.023 Thread 0x00000257fb6d8a10 Exception <a 'sun/nio/fs/WindowsException'{0x00000000d60a8e20}> (0x00000000d60a8e20) 
thrown [s\src\hotspot\share\prims\jni.cpp, line 520]
Event: 39.027 Thread 0x00000257fb6d8a10 Exception <a 'sun/nio/fs/WindowsException'{0x00000000d6274770}> (0x00000000d6274770) 
thrown [s\src\hotspot\share\prims\jni.cpp, line 520]
Event: 39.027 Thread 0x00000257fb6d8a10 Exception <a 'sun/nio/fs/WindowsException'{0x00000000d6275050}> (0x00000000d6275050) 
thrown [s\src\hotspot\share\prims\jni.cpp, line 520]
Event: 39.032 Thread 0x00000257fb6d8a10 Exception <a 'sun/nio/fs/WindowsException'{0x00000000d62763a0}> (0x00000000d62763a0) 
thrown [s\src\hotspot\share\prims\jni.cpp, line 520]
Event: 39.032 Thread 0x00000257fb6d8a10 Exception <a 'sun/nio/fs/WindowsException'{0x00000000d6276a90}> (0x00000000d6276a90) 
thrown [s\src\hotspot\share\prims\jni.cpp, line 520]
Event: 39.033 Thread 0x00000257fb6d8a10 Exception <a 'sun/nio/fs/WindowsException'{0x00000000d62775e8}> (0x00000000d62775e8) 
thrown [s\src\hotspot\share\prims\jni.cpp, line 520]
Event: 39.034 Thread 0x00000257fb6d8a10 Exception <a 'sun/nio/fs/WindowsException'{0x00000000d6277f88}> (0x00000000d6277f88) 
thrown [s\src\hotspot\share\prims\jni.cpp, line 520]
Event: 39.035 Thread 0x00000257fb6d8a10 Exception <a 'sun/nio/fs/WindowsException'{0x00000000d6278df0}> (0x00000000d6278df0) 
thrown [s\src\hotspot\share\prims\jni.cpp, line 520]
Event: 39.035 Thread 0x00000257fb6d8a10 Exception <a 'sun/nio/fs/WindowsException'{0x00000000d6279790}> (0x00000000d6279790) 
thrown [s\src\hotspot\share\prims\jni.cpp, line 520]
Event: 39.039 Thread 0x00000257fb6d8a10 Exception <a 'sun/nio/fs/WindowsException'{0x00000000d627b398}> (0x00000000d627b398) 
thrown [s\src\hotspot\share\prims\jni.cpp, line 520]
Event: 39.039 Thread 0x00000257fb6d8a10 Exception <a 'sun/nio/fs/WindowsException'{0x00000000d627bd38}> (0x00000000d627bd38) 
thrown [s\src\hotspot\share\prims\jni.cpp, line 520]
Event: 39.047 Thread 0x00000257fb6d8a10 Exception <a 'java/lang/NoSuchMethodError'{0x00000000d63592d8}: 'void java.lang.invoke.DirectMethodHandle$Holder.invokeVirtual(java.lang.Object, java.lang.Object, java.lang.Object, java.lang.Object)'> (0x00000000d63592d8) 
thrown [s\src\hotspot\share\interpreter\linkResolver.cpp, line 773]

ZGC Phase Switch (0 events):
No events

VM Operations (20 events):
Event: 36.414 Executing VM operation: ParallelGCFailedAllocation (Allocation Failure)
Event: 36.420 Executing VM operation: ParallelGCFailedAllocation (Allocation Failure) done
Event: 36.954 Executing VM operation: ParallelGCFailedAllocation (Allocation Failure)
Event: 36.959 Executing VM operation: ParallelGCFailedAllocation (Allocation Failure) done
Event: 37.183 Executing VM operation: HandshakeAllThreads (Deoptimize)
Event: 37.188 Executing VM operation: HandshakeAllThreads (Deoptimize) done
Event: 37.463 Executing VM operation: ParallelGCFailedAllocation (Allocation Failure)
Event: 37.467 Executing VM operation: ParallelGCFailedAllocation (Allocation Failure) done
Event: 37.754 Executing VM operation: HandshakeAllThreads (Deoptimize)
Event: 37.755 Executing VM operation: HandshakeAllThreads (Deoptimize) done
Event: 37.983 Executing VM operation: HandshakeAllThreads (Deoptimize)
Event: 37.984 Executing VM operation: HandshakeAllThreads (Deoptimize) done
Event: 37.988 Executing VM operation: ParallelGCFailedAllocation (Allocation Failure)
Event: 37.994 Executing VM operation: ParallelGCFailedAllocation (Allocation Failure) done
Event: 38.482 Executing VM operation: HandshakeAllThreads (Deoptimize)
Event: 38.482 Executing VM operation: HandshakeAllThreads (Deoptimize) done
Event: 38.548 Executing VM operation: ParallelGCFailedAllocation (Allocation Failure)
Event: 38.563 Executing VM operation: ParallelGCFailedAllocation (Allocation Failure) done
Event: 38.732 Executing VM operation: CollectForMetadataAllocation (Metadata GC Threshold)
Event: 38.801 Executing VM operation: CollectForMetadataAllocation (Metadata GC Threshold) done

Memory protections (0 events):
No events

Nmethod flushes (20 events):
Event: 38.769 Thread 0x000002579bb64960 flushing  nmethod 0x000002579f442210
Event: 38.769 Thread 0x000002579bb64960 flushing  nmethod 0x000002579f443410
Event: 38.769 Thread 0x000002579bb64960 flushing  nmethod 0x000002579f444010
Event: 38.769 Thread 0x000002579bb64960 flushing  nmethod 0x000002579f444790
Event: 38.769 Thread 0x000002579bb64960 flushing  nmethod 0x000002579f445d10
Event: 38.769 Thread 0x000002579bb64960 flushing  nmethod 0x000002579f446190
Event: 38.769 Thread 0x000002579bb64960 flushing  nmethod 0x000002579f446a90
Event: 38.769 Thread 0x000002579bb64960 flushing  nmethod 0x000002579f447c90
Event: 38.769 Thread 0x000002579bb64960 flushing  nmethod 0x000002579f448890
Event: 38.769 Thread 0x000002579bb64960 flushing  nmethod 0x000002579f449990
Event: 38.769 Thread 0x000002579bb64960 flushing  nmethod 0x000002579f454110
Event: 38.769 Thread 0x000002579bb64960 flushing  nmethod 0x000002579f468790
Event: 38.769 Thread 0x000002579bb64960 flushing  nmethod 0x000002579f47f610
Event: 38.769 Thread 0x000002579bb64960 flushing  nmethod 0x000002579f482110
Event: 38.769 Thread 0x000002579bb64960 flushing  nmethod 0x000002579f489790
Event: 38.769 Thread 0x000002579bb64960 flushing  nmethod 0x000002579f494810
Event: 38.769 Thread 0x000002579bb64960 flushing  nmethod 0x000002579f4d5690
Event: 38.769 Thread 0x000002579bb64960 flushing  nmethod 0x000002579f4f9f10
Event: 38.769 Thread 0x000002579bb64960 flushing  nmethod 0x000002579f52c690
Event: 38.769 Thread 0x000002579bb64960 flushing  nmethod 0x000002579f52cb10

Events (20 events):
Event: 36.585 Thread 0x00000257fb9c6980 Thread exited: 0x00000257fb9c6980
Event: 37.322 Thread 0x00000257f49dfef0 Thread added: 0x00000257fad1fd70
Event: 37.334 Thread 0x00000257f49dfef0 Thread added: 0x00000257fbb03640
Event: 37.710 Thread 0x00000257f49dd3c0 Thread added: 0x00000257fb9215a0
Event: 38.319 Thread 0x00000257fb922fe0 Thread added: 0x00000257fb923670
Event: 38.401 Thread 0x00000257fb923670 Thread added: 0x00000257fb922950
Event: 38.641 Thread 0x000002579bbd3330 Thread added: 0x00000257fb923d00
Event: 38.643 Thread 0x000002579bbd3330 Thread added: 0x00000257fb921c30
Event: 38.644 Thread 0x000002579bbd3330 Thread added: 0x00000257fb9222c0
Event: 38.645 Thread 0x000002579bbd3330 Thread added: 0x00000257fcc0ce70
Event: 38.646 Thread 0x000002579bbd3330 Thread added: 0x00000257fcc0c7e0
Event: 38.647 Thread 0x000002579bbd3330 Thread added: 0x00000257fcc0e220
Event: 38.648 Thread 0x000002579bbd3330 Thread added: 0x00000257fcc0c150
Event: 38.649 Thread 0x000002579bbd3330 Thread added: 0x00000257fcc0d500
Event: 38.650 Thread 0x000002579bbd3330 Thread added: 0x00000257fcc0db90
Event: 38.650 Thread 0x000002579bbd3330 Thread added: 0x00000257fcc0e8b0
Event: 38.651 Thread 0x000002579bbd3330 Thread added: 0x00000257fcc0ef40
Event: 38.652 Thread 0x000002579bbd3330 Thread added: 0x00000257fcc0bac0
Event: 38.653 Thread 0x000002579bbd3330 Thread added: 0x00000257fcc116a0
Event: 38.803 Thread 0x000002579bbd3330 Thread added: 0x00000257fcc10980


Dynamic libraries:
0x00007ff6e1840000 - 0x00007ff6e184e000 	c:\Users\user\.vscode\extensions\redhat.java-1.51.0-win32-x64\jre\21.0.9-win32-x86_64\bin\java.exe
0x00007ffeed9e0000 - 0x00007ffeedc47000 	C:\WINDOWS\SYSTEM32\ntdll.dll
0x00007ffeed230000 - 0x00007ffeed2f9000 	C:\WINDOWS\System32\KERNEL32.DLL
0x00007ffeeb090000 - 0x00007ffeeb47f000 	C:\WINDOWS\System32\KERNELBASE.dll
0x00007ffeeabe0000 - 0x00007ffeead2b000 	C:\WINDOWS\System32\ucrtbase.dll
0x00007ffea30c0000 - 0x00007ffea30de000 	c:\Users\user\.vscode\extensions\redhat.java-1.51.0-win32-x64\jre\21.0.9-win32-x86_64\bin\VCRUNTIME140.dll
0x00007ffea3a60000 - 0x00007ffea3a78000 	c:\Users\user\.vscode\extensions\redhat.java-1.51.0-win32-x64\jre\21.0.9-win32-x86_64\bin\jli.dll
0x00007ffeed580000 - 0x00007ffeed745000 	C:\WINDOWS\System32\USER32.dll
0x00007ffecb450000 - 0x00007ffecb6e3000 	C:\WINDOWS\WinSxS\amd64_microsoft.windows.common-controls_6595b64144ccf1df_6.0.26100.7309_none_3e05feeae336a044\COMCTL32.dll
0x00007ffeead30000 - 0x00007ffeead57000 	C:\WINDOWS\System32\win32u.dll
0x00007ffeed4d0000 - 0x00007ffeed579000 	C:\WINDOWS\System32\msvcrt.dll
0x00007ffeebb00000 - 0x00007ffeebb2b000 	C:\WINDOWS\System32\GDI32.dll
0x00007ffeeaf60000 - 0x00007ffeeb08c000 	C:\WINDOWS\System32\gdi32full.dll
0x00007ffeeb550000 - 0x00007ffeeb5f3000 	C:\WINDOWS\System32\msvcp_win.dll
0x00007ffeeba40000 - 0x00007ffeeba71000 	C:\WINDOWS\System32\IMM32.DLL
0x00007ffed9280000 - 0x00007ffed928c000 	c:\Users\user\.vscode\extensions\redhat.java-1.51.0-win32-x64\jre\21.0.9-win32-x86_64\bin\vcruntime140_1.dll
0x00007ffe788e0000 - 0x00007ffe7896d000 	c:\Users\user\.vscode\extensions\redhat.java-1.51.0-win32-x64\jre\21.0.9-win32-x86_64\bin\msvcp140.dll
0x00007ffe3eaf0000 - 0x00007ffe3f890000 	c:\Users\user\.vscode\extensions\redhat.java-1.51.0-win32-x64\jre\21.0.9-win32-x86_64\bin\server\jvm.dll
0x00007ffeec170000 - 0x00007ffeec224000 	C:\WINDOWS\System32\ADVAPI32.dll
0x00007ffeed420000 - 0x00007ffeed4c6000 	C:\WINDOWS\System32\sechost.dll
0x00007ffeed300000 - 0x00007ffeed418000 	C:\WINDOWS\System32\RPCRT4.dll
0x00007ffeed130000 - 0x00007ffeed1a4000 	C:\WINDOWS\System32\WS2_32.dll
0x00007ffeea990000 - 0x00007ffeea9ee000 	C:\WINDOWS\SYSTEM32\POWRPROF.dll
0x00007ffed65e0000 - 0x00007ffed65eb000 	C:\WINDOWS\SYSTEM32\VERSION.dll
0x00007ffee1f50000 - 0x00007ffee1f85000 	C:\WINDOWS\SYSTEM32\WINMM.dll
0x00007ffeea970000 - 0x00007ffeea984000 	C:\WINDOWS\SYSTEM32\UMPDC.dll
0x00007ffee98a0000 - 0x00007ffee98bb000 	C:\WINDOWS\SYSTEM32\kernel.appcore.dll
0x00007ffed01d0000 - 0x00007ffed01da000 	c:\Users\user\.vscode\extensions\redhat.java-1.51.0-win32-x64\jre\21.0.9-win32-x86_64\bin\jimage.dll
0x00007ffee8120000 - 0x00007ffee8362000 	C:\WINDOWS\SYSTEM32\DBGHELP.DLL
0x00007ffeecbc0000 - 0x00007ffeecf46000 	C:\WINDOWS\System32\combase.dll
0x00007ffeec990000 - 0x00007ffeeca66000 	C:\WINDOWS\System32\OLEAUT32.dll
0x00007ffece5e0000 - 0x00007ffece61c000 	C:\WINDOWS\SYSTEM32\dbgcore.DLL
0x00007ffeeab30000 - 0x00007ffeeabd5000 	C:\WINDOWS\System32\bcryptPrimitives.dll
0x00007ffec4860000 - 0x00007ffec486f000 	c:\Users\user\.vscode\extensions\redhat.java-1.51.0-win32-x64\jre\21.0.9-win32-x86_64\bin\instrument.dll
0x00007ffea0d10000 - 0x00007ffea0d30000 	c:\Users\user\.vscode\extensions\redhat.java-1.51.0-win32-x64\jre\21.0.9-win32-x86_64\bin\java.dll
0x00007ffeec230000 - 0x00007ffeec983000 	C:\WINDOWS\System32\SHELL32.dll
0x00007ffeeadf0000 - 0x00007ffeeaf5a000 	C:\WINDOWS\System32\wintypes.dll
0x00007ffee86f0000 - 0x00007ffee8f4e000 	C:\WINDOWS\SYSTEM32\windows.storage.dll
0x00007ffeeb940000 - 0x00007ffeeba35000 	C:\WINDOWS\System32\SHCORE.dll
0x00007ffeecb50000 - 0x00007ffeecbb6000 	C:\WINDOWS\System32\shlwapi.dll
0x00007ffeeaa50000 - 0x00007ffeeaa79000 	C:\WINDOWS\SYSTEM32\profapi.dll
0x00007ffea0160000 - 0x00007ffea0178000 	c:\Users\user\.vscode\extensions\redhat.java-1.51.0-win32-x64\jre\21.0.9-win32-x86_64\bin\zip.dll
0x00007ffebf540000 - 0x00007ffebf550000 	C:\Users\user\.vscode\extensions\redhat.java-1.51.0-win32-x64\jre\21.0.9-win32-x86_64\bin\net.dll
0x00007ffedc210000 - 0x00007ffedc338000 	C:\WINDOWS\SYSTEM32\WINHTTP.dll
0x00007ffee9df0000 - 0x00007ffee9e5b000 	C:\WINDOWS\system32\mswsock.dll
0x00007ffe87300000 - 0x00007ffe87316000 	C:\Users\user\.vscode\extensions\redhat.java-1.51.0-win32-x64\jre\21.0.9-win32-x86_64\bin\nio.dll
0x00007ffebcf90000 - 0x00007ffebcfa0000 	c:\Users\user\.vscode\extensions\redhat.java-1.51.0-win32-x64\jre\21.0.9-win32-x86_64\bin\verify.dll
0x00007ffebc9a0000 - 0x00007ffebc9e4000 	C:\Users\user\AppData\Roaming\Code\User\globalStorage\redhat.java\1.51.0\config_win\org.eclipse.equinox.launcher\org.eclipse.equinox.launcher.win32.win32.x86_64_1.2.1400.v20250801-0854\eclipse_11916.dll
0x00007ffeebb40000 - 0x00007ffeebcd7000 	C:\WINDOWS\System32\ole32.dll
0x00007ffeea1e0000 - 0x00007ffeea1fb000 	C:\WINDOWS\SYSTEM32\CRYPTSP.dll
0x00007ffee9800000 - 0x00007ffee983a000 	C:\WINDOWS\system32\rsaenh.dll
0x00007ffee9ea0000 - 0x00007ffee9ecb000 	C:\WINDOWS\SYSTEM32\USERENV.dll
0x00007ffeeaa20000 - 0x00007ffeeaa4a000 	C:\WINDOWS\SYSTEM32\bcrypt.dll
0x00007ffeea1c0000 - 0x00007ffeea1cc000 	C:\WINDOWS\SYSTEM32\CRYPTBASE.dll
0x00007ffee9290000 - 0x00007ffee92c4000 	C:\WINDOWS\SYSTEM32\IPHLPAPI.DLL
0x00007ffeebb30000 - 0x00007ffeebb3a000 	C:\WINDOWS\System32\NSI.dll
0x00007ffea4a00000 - 0x00007ffea4a49000 	C:\Users\user\AppData\Local\Temp\jna-3599307\jna18282670689851570616.dll
0x00007ffeed8b0000 - 0x00007ffeed8b8000 	C:\WINDOWS\System32\PSAPI.DLL
0x00007ffedc340000 - 0x00007ffedc35e000 	C:\WINDOWS\SYSTEM32\dhcpcsvc6.DLL
0x00007ffee17c0000 - 0x00007ffee17e3000 	C:\WINDOWS\SYSTEM32\dhcpcsvc.DLL

JVMTI agents:
c:\Users\user\.vscode\extensions\redhat.java-1.51.0-win32-x64\lombok\lombok-1.18.39-4050.jar path:c:\Users\user\.vscode\extensions\redhat.java-1.51.0-win32-x64\jre\21.0.9-win32-x86_64\bin\instrument.dll, loaded, initialized, instrumentlib options:none

dbghelp: loaded successfully - version: 4.0.5 - missing functions: none
symbol engine: initialized successfully - sym options: 0x614 - pdb path: .;c:\Users\user\.vscode\extensions\redhat.java-1.51.0-win32-x64\jre\21.0.9-win32-x86_64\bin;C:\WINDOWS\SYSTEM32;C:\WINDOWS\WinSxS\amd64_microsoft.windows.common-controls_6595b64144ccf1df_6.0.26100.7309_none_3e05feeae336a044;c:\Users\user\.vscode\extensions\redhat.java-1.51.0-win32-x64\jre\21.0.9-win32-x86_64\bin\server;C:\Users\user\AppData\Roaming\Code\User\globalStorage\redhat.java\1.51.0\config_win\org.eclipse.equinox.launcher\org.eclipse.equinox.launcher.win32.win32.x86_64_1.2.1400.v20250801-0854;C:\Users\user\AppData\Local\Temp\jna-3599307

VM Arguments:
jvm_args: --add-modules=ALL-SYSTEM --add-opens=java.base/java.util=ALL-UNNAMED --add-opens=java.base/java.lang=ALL-UNNAMED --add-opens=java.base/sun.nio.fs=ALL-UNNAMED -Declipse.application=org.eclipse.jdt.ls.core.id1 -Dosgi.bundles.defaultStartLevel=4 -Declipse.product=org.eclipse.jdt.ls.core.product -Djava.import.generatesMetadataFilesAtProjectRoot=false -DDetectVMInstallationsJob.disabled=true -Dfile.encoding=utf8 -XX:+UseParallelGC -XX:GCTimeRatio=4 -XX:AdaptiveSizePolicyWeight=90 -Dsun.zip.disableMemoryMapping=true -Xmx2G -Xms100m -Xlog:disable -javaagent:c:\Users\user\.vscode\extensions\redhat.java-1.51.0-win32-x64\lombok\lombok-1.18.39-4050.jar -XX:+HeapDumpOnOutOfMemoryError -XX:HeapDumpPath=c:\Users\user\AppData\Roaming\Code\User\workspaceStorage\6dde7e9c3db3a1837f6dee7f38f75e7a\redhat.java -Daether.dependencyCollector.impl=bf 
java_command: c:\Users\user\.vscode\extensions\redhat.java-1.51.0-win32-x64\server\plugins\org.eclipse.equinox.launcher_1.7.100.v20251111-0406.jar -configuration c:\Users\user\AppData\Roaming\Code\User\globalStorage\redhat.java\1.51.0\config_win -data c:\Users\user\AppData\Roaming\Code\User\workspaceStorage\6dde7e9c3db3a1837f6dee7f38f75e7a\redhat.java\jdt_ws --pipe=\\.\pipe\lsp-51643571ea04094c6bbc13338d2a28fa-sock
java_class_path (initial): c:\Users\user\.vscode\extensions\redhat.java-1.51.0-win32-x64\server\plugins\org.eclipse.equinox.launcher_1.7.100.v20251111-0406.jar
Launcher Type: SUN_STANDARD

[Global flags]
    uintx AdaptiveSizePolicyWeight                 = 90                                        {product} {command line}
     intx CICompilerCount                          = 4                                         {product} {ergonomic}
    uintx GCTimeRatio                              = 4                                         {product} {command line}
     bool HeapDumpOnOutOfMemoryError               = true                                   {manageable} {command line}
    ccstr HeapDumpPath                             = c:\Users\user\AppData\Roaming\Code\User\workspaceStorage\6dde7e9c3db3a1837f6dee7f38f75e7a\redhat.java         {manageable} {command line}
   size_t InitialHeapSize                          = 104857600                                 {product} {command line}
   size_t MaxHeapSize                              = 2147483648                                {product} {command line}
   size_t MaxNewSize                               = 715653120                                 {product} {ergonomic}
   size_t MinHeapDeltaBytes                        = 524288                                    {product} {ergonomic}
   size_t MinHeapSize                              = 104857600                                 {product} {command line}
   size_t NewSize                                  = 34603008                                  {product} {ergonomic}
    uintx NonNMethodCodeHeapSize                   = 5839372                                {pd product} {ergonomic}
    uintx NonProfiledCodeHeapSize                  = 122909434                              {pd product} {ergonomic}
   size_t OldSize                                  = 70254592                                  {product} {ergonomic}
    uintx ProfiledCodeHeapSize                     = 122909434                              {pd product} {ergonomic}
    uintx ReservedCodeCacheSize                    = 251658240                              {pd product} {ergonomic}
     bool SegmentedCodeCache                       = true                                      {product} {ergonomic}
   size_t SoftMaxHeapSize                          = 2147483648                             {manageable} {ergonomic}
     bool UseCompressedOops                        = true                           {product lp64_product} {ergonomic}
     bool UseLargePagesIndividualAllocation        = false                                  {pd product} {ergonomic}
     bool UseParallelGC                            = true                                      {product} {command line}

Logging:
Log output configuration:
 #0: stdout all=off uptime,level,tags foldmultilines=false
 #1: stderr all=off uptime,level,tags foldmultilines=false

Release file:
JAVA_VERSION="21.0.9" 
MODULES="java.base java.compiler java.datatransfer java.xml java.prefs java.desktop java.instrument java.logging java.management java.security.sasl java.naming java.rmi java.management.rmi java.net.http java.scripting java.security.jgss java.transaction.xa java.sql java.sql.rowset java.xml.crypto java.se java.smartcardio jdk.accessibility jdk.internal.jvmstat jdk.attach jdk.charsets jdk.internal.opt jdk.zipfs jdk.compiler jdk.crypto.ec jdk.crypto.cryptoki jdk.crypto.mscapi jdk.dynalink jdk.internal.ed jdk.editpad jdk.hotspot.agent jdk.httpserver jdk.internal.le jdk.internal.vm.ci jdk.internal.vm.compiler jdk.internal.vm.compiler.management jdk.jartool jdk.javadoc jdk.jcmd jdk.management jdk.management.agent jdk.jconsole jdk.jdeps jdk.jdwp.agent jdk.jdi jdk.jfr jdk.jshell jdk.jsobject jdk.jstatd jdk.localedata jdk.management.jfr jdk.naming.dns jdk.naming.rmi jdk.net jdk.nio.mapmode jdk.random jdk.sctp jdk.security.auth jdk.security.jgss jdk.unsupported jdk.unsupported.desktop jdk.xml.dom" 

Environment Variables:
PATH=C:\Users\user\AppData\Local\Programs\Python\Python313;C:\Users\user\AppData\Local\Programs\Python\Python313\Scripts;C:\Python314\Scripts\;C:\Python314\;C:\Program Files (x86)\VMware\VMware Workstation\bin\;C:\Ruby32\bin;D:\ruby\Ruby32\bin;C:\Program Files\Common Files\Oracle\Java\javapath;C:\Program Files\Microsoft\jdk-11.0.16.101-hotspot\bin;C:\Program Files (x86)\NVIDIA Corporation\PhysX\Common;C:\WINDOWS\system32;C:\WINDOWS;C:\WINDOWS\System32\Wbem;C:\WINDOWS\System32\WindowsPowerShell\v1.0\;C:\WINDOWS\System32\OpenSSH\;C:\Program Files\Git\cmd;C:\Program Files\Microsoft SQL Server\150\Tools\Binn\;C:\Program Files\dotnet\;C:\Program Files\PuTTY\;C:\msys64\mingw64\bin;C:\Program Files\PostgreSQL\17\bin;c:\Users\user\AppData\Local\Programs\cursor\resources\app\bin;C:\Program Files\Geth;D:\SFML-2.6.1-windows-gcc-13.1.0-mingw-64-bit\SFML-2.6.1\bin;C:\Program Files\CMake\bin;C:\WINDOWS\system32;C:\WINDOWS;C:\WINDOWS\System32\Wbem;C:\WINDOWS\System32\WindowsPowerShell\v1.0\;C:\WINDOWS\System32\OpenSSH\;C:\Program Files (x86)\Nmap;C:\xampp\php;C:\composer;C:\Users\user\AppData\Roaming\npm;C:\Program Files\mosquitto;D:\download new\teraterm-5.0 (1)\teraterm-5.0;D:\download new\Compressed\mingw-w64-v13.0.0\mingw-w64-v13.0.0;D:\CacheDB;C:\Program Files\Go\bin;C:\Program Files\MySQL\MySQL Server 8.0\bin;D:\new apps\CacheDB;C:\Program Files\Docker\Docker\resources\bin;C:\Program Files\Tenable\Nessus;C:\Program Files\nodejs\;C:\ProgramData\chocolatey\bin;C:\Program Files (x86)\VideoLAN\VLC;C:\Users\user\scoop\shims;C:\Users\user\.console-ninja\.bin;C:\Program Files (x86)\VMware\VMware Workstation\bin\;C:\Ruby32\bin;D:\ruby\Ruby32\bin;C:\Program Files\Common Files\Oracle\Java\javapath;C:\Program Files\Microsoft\jdk-11.0.16.101-hotspot\bin;C:\Program Files (x86)\NVIDIA Corporation\PhysX\Common;C:\WINDOWS\system32;C:\WINDOWS;C:\WINDOWS\System32\Wbem;C:\WINDOWS\System32\WindowsPowerShell\v1.0\;C:\WINDOWS\System32\OpenSSH\;C:\Program Files\Git\cmd;C:\Program Files\nodejs\;C:\Program Files\Microsoft SQL Server\150\Tools\Binn\;C:\Program Files\dotnet\;C:\Program Files\Docker\Docker\resources\bin;C:\Program Files\PuTTY\;C:\MinGW\bin;C:\Program Files\PostgreSQL\17\bin;C:\Program Files\Geth;D:\SFML-2.6.1-windows-gcc-13.1.0-mingw-64-bit\SFML-2.6.1\bin;C:\Program Files\CMake\bin;C:\WINDOWS\system32;C:\WINDOWS;C:\WINDOWS\System32\Wbem;C:\WINDOWS\System32\WindowsPowerShell\v1.0\;C:\WINDOWS\System32\OpenSSH\;C:\Program Files (x86)\Nmap;C:\xampp\php;C:\composer;C:\Program Files (x86)\VMware\VMware Workstation\bin\;C:\Ruby32\bin;D:\ruby\Ruby32\bin;C:\Program Files\Common Files\Oracle\Java\javapath;C:\Program Files\Microsoft\jdk-11.0.16.101-hotspot\bin;C:\Program Files (x86)\NVIDIA Corporation\PhysX\Common;C:\WINDOWS\system32;C:\WINDOWS;C:\WINDOWS\System32\Wbem;C:\WINDOWS\System32\WindowsPowerShell\v1.0\;C:\WINDOWS\System32\OpenSSH\;C:\Program Files\Git\cmd;C:\Program Files\nodejs\;C:\Program Files\Microsoft SQL Server\150\Tools\Binn\;C:\Program Files\dotnet\;C:\Program Files\Docker\Docker\resources\bin;C:\Program Files\PuTTY\;C:\MinGW\bin;C:\Program Files\PostgreSQL\17\bin;C:\Program Files\Geth;D:\SFML-2.6.1-windows-gcc-13.1.0-mingw-64-bit\SFML-2.6.1\bin;C:\Program Files\CMake\bin;C:\WINDOWS\system32;C:\WINDOWS;C:\WINDOWS\System32\Wbem;C:\WINDOWS\System32\WindowsPowerShell\v1.0\;C:\WINDOWS\System32\OpenSSH\;C:\Program Files (x86)\Nmap;C:\xampp\php;C:\composer;C:\Program Files\Apache\maven\apache-maven-3.9.6\bin;C:\Program Files\Apache\maven\apache-maven-3.9.6\bin;C:\Users\user\AppData\Local\Programs\Microsoft VS Code\bin;C:\Users\user\AppData\Local\GitHubDesktop\bin;C:\Users\user\AppData\Local\JetBrains\Toolbox\scripts;;C:\Program Files\JetBrains\IntelliJ IDEA 2025.1.2\bin;;C:\Users\user\AppData\Local\Programs\Windsurf\bin;C:\Users\user\go\bin;C:\Users\user\.fly\bin;C:\Users\user\AppData\Local\Programs\Antigravity\bin;C:\Users\user\AppData\Roaming\npm;C:\Users\user\.dotnet\tools
USERNAME=user
OS=Windows_NT
PROCESSOR_IDENTIFIER=Intel64 Family 6 Model 154 Stepping 4, GenuineIntel
TMP=C:\Users\user\AppData\Local\Temp
TEMP=C:\Users\user\AppData\Local\Temp




Periodic native trim disabled

---------------  S Y S T E M  ---------------

OS:
 Windows 11 , 64 bit Build 26100 (10.0.26100.7623)
OS uptime: 4 days 6:02 hours
Hyper-V role detected

CPU: total 12 (initial active 12) (6 cores per cpu, 2 threads per core) family 6 model 154 stepping 4 microcode 0x42a, cx8, cmov, fxsr, ht, mmx, 3dnowpref, sse, sse2, sse3, ssse3, sse4.1, sse4.2, popcnt, lzcnt, tsc, tscinvbit, avx, avx2, aes, erms, clmul, bmi1, bmi2, adx, sha, fma, vzeroupper, clflush, clflushopt, clwb, hv, serialize, rdtscp, rdpid, fsrm, f16c, cet_ibt, cet_ss
Processor Information for processor 0
  Max Mhz: 1700, Current Mhz: 1700, Mhz Limit: 1700
Processor Information for processor 1
  Max Mhz: 1700, Current Mhz: 1457, Mhz Limit: 1700
Processor Information for processor 2
  Max Mhz: 1700, Current Mhz: 1700, Mhz Limit: 1700
Processor Information for processor 3
  Max Mhz: 1700, Current Mhz: 1700, Mhz Limit: 1700
Processor Information for processor 4
  Max Mhz: 1700, Current Mhz: 1200, Mhz Limit: 1190
Processor Information for processor 5
  Max Mhz: 1700, Current Mhz: 1200, Mhz Limit: 1190
Processor Information for processor 6
  Max Mhz: 1700, Current Mhz: 1200, Mhz Limit: 1190
Processor Information for processor 7
  Max Mhz: 1700, Current Mhz: 1200, Mhz Limit: 1190
Processor Information for processor 8
  Max Mhz: 1700, Current Mhz: 1200, Mhz Limit: 1190
Processor Information for processor 9
  Max Mhz: 1700, Current Mhz: 1200, Mhz Limit: 1190
Processor Information for processor 10
  Max Mhz: 1700, Current Mhz: 1200, Mhz Limit: 1190
Processor Information for processor 11
  Max Mhz: 1700, Current Mhz: 1200, Mhz Limit: 1190

Memory: 4k page, system-wide physical 16092M (1928M free)
TotalPageFile size 25694M (AvailPageFile size 347M)
current process WorkingSet (physical memory assigned to process): 213M, peak: 213M
current process commit charge ("private bytes"): 338M, peak: 339M

vm_info: OpenJDK 64-Bit Server VM (21.0.9+10-LTS) for windows-amd64 JRE (21.0.9+10-LTS), built on 2025-10-21T00:00:00Z by "admin" with unknown MS VC++:1942

END.
